for dir in pjlib/build pjlib-util/build pjnath/build third_party/build pjmedia/build pjsip/build pjsip-apps/build ; do \
	if make  -C $dir all; then \
	    true; \
	else \
	    exit 1; \
	fi; \
done
make[1]: Entering directory '/home/pankaj/workspace/audio_wrapper/pjproject/pjlib/build'
make -f /home/pankaj/workspace/audio_wrapper/pjproject/build/rules.mak APP=PJLIB app=pjlib ../lib/libpj-x86_64-pc-nto-qnx.a
make[2]: Entering directory '/home/pankaj/workspace/audio_wrapper/pjproject/pjlib/build'
make[2]: '../lib/libpj-x86_64-pc-nto-qnx.a' is up to date.
make[2]: Leaving directory '/home/pankaj/workspace/audio_wrapper/pjproject/pjlib/build'
make -f /home/pankaj/workspace/audio_wrapper/pjproject/build/rules.mak APP=TEST app=pjlib-test ../bin/pjlib-test-x86_64-pc-nto-qnx
make[2]: Entering directory '/home/pankaj/workspace/audio_wrapper/pjproject/pjlib/build'
make[2]: '../bin/pjlib-test-x86_64-pc-nto-qnx' is up to date.
make[2]: Leaving directory '/home/pankaj/workspace/audio_wrapper/pjproject/pjlib/build'
make[1]: Leaving directory '/home/pankaj/workspace/audio_wrapper/pjproject/pjlib/build'
make[1]: Entering directory '/home/pankaj/workspace/audio_wrapper/pjproject/pjlib-util/build'
make -f /home/pankaj/workspace/audio_wrapper/pjproject/build/rules.mak APP=PJLIB_UTIL app=pjlib-util ../lib/libpjlib-util-x86_64-pc-nto-qnx.a
make[2]: Entering directory '/home/pankaj/workspace/audio_wrapper/pjproject/pjlib-util/build'
make[2]: '../lib/libpjlib-util-x86_64-pc-nto-qnx.a' is up to date.
make[2]: Leaving directory '/home/pankaj/workspace/audio_wrapper/pjproject/pjlib-util/build'
make -f /home/pankaj/workspace/audio_wrapper/pjproject/build/rules.mak APP=UTIL_TEST app=pjlib-util-test ../bin/pjlib-util-test-x86_64-pc-nto-qnx
make[2]: Entering directory '/home/pankaj/workspace/audio_wrapper/pjproject/pjlib-util/build'
make[2]: '../bin/pjlib-util-test-x86_64-pc-nto-qnx' is up to date.
make[2]: Leaving directory '/home/pankaj/workspace/audio_wrapper/pjproject/pjlib-util/build'
make[1]: Leaving directory '/home/pankaj/workspace/audio_wrapper/pjproject/pjlib-util/build'
make[1]: Entering directory '/home/pankaj/workspace/audio_wrapper/pjproject/pjnath/build'
make -f /home/pankaj/workspace/audio_wrapper/pjproject/build/rules.mak APP=PJNATH app=pjnath ../lib/libpjnath-x86_64-pc-nto-qnx.a
make[2]: Entering directory '/home/pankaj/workspace/audio_wrapper/pjproject/pjnath/build'
make[2]: '../lib/libpjnath-x86_64-pc-nto-qnx.a' is up to date.
make[2]: Leaving directory '/home/pankaj/workspace/audio_wrapper/pjproject/pjnath/build'
make -f /home/pankaj/workspace/audio_wrapper/pjproject/build/rules.mak APP=PJNATH_TEST app=pjnath-test ../bin/pjnath-test-x86_64-pc-nto-qnx
make -f /home/pankaj/workspace/audio_wrapper/pjproject/build/rules.mak APP=PJTURN_CLIENT app=pjturn-client ../bin/pjturn-client-x86_64-pc-nto-qnx
make -f /home/pankaj/workspace/audio_wrapper/pjproject/build/rules.mak APP=PJTURN_SRV app=pjturn-srv ../bin/pjturn-srv-x86_64-pc-nto-qnx
make[2]: Entering directory '/home/pankaj/workspace/audio_wrapper/pjproject/pjnath/build'
make[2]: '../bin/pjturn-client-x86_64-pc-nto-qnx' is up to date.
make[2]: Leaving directory '/home/pankaj/workspace/audio_wrapper/pjproject/pjnath/build'
make[2]: Entering directory '/home/pankaj/workspace/audio_wrapper/pjproject/pjnath/build'
make[2]: '../bin/pjturn-srv-x86_64-pc-nto-qnx' is up to date.
make[2]: Leaving directory '/home/pankaj/workspace/audio_wrapper/pjproject/pjnath/build'
make[2]: Entering directory '/home/pankaj/workspace/audio_wrapper/pjproject/pjnath/build'
make[2]: '../bin/pjnath-test-x86_64-pc-nto-qnx' is up to date.
make[2]: Leaving directory '/home/pankaj/workspace/audio_wrapper/pjproject/pjnath/build'
make[1]: Leaving directory '/home/pankaj/workspace/audio_wrapper/pjproject/pjnath/build'
make[1]: Entering directory '/home/pankaj/workspace/audio_wrapper/pjproject/third_party/build'
for dir in  gsm ilbc speex g7221 srtp resample yuv; do \
	if make  -C $dir all; then \
	    true; \
	else \
	    exit 1; \
	fi; \
done
make[2]: Entering directory '/home/pankaj/workspace/audio_wrapper/pjproject/third_party/build/gsm'
make -f /home/pankaj/workspace/audio_wrapper/pjproject/build/rules.mak APP=GSM_CODEC app=libgsmcodec ../../lib/libgsmcodec-x86_64-pc-nto-qnx.a
make[3]: Entering directory '/home/pankaj/workspace/audio_wrapper/pjproject/third_party/build/gsm'
make[3]: '../../lib/libgsmcodec-x86_64-pc-nto-qnx.a' is up to date.
make[3]: Leaving directory '/home/pankaj/workspace/audio_wrapper/pjproject/third_party/build/gsm'
make[2]: Leaving directory '/home/pankaj/workspace/audio_wrapper/pjproject/third_party/build/gsm'
make[2]: Entering directory '/home/pankaj/workspace/audio_wrapper/pjproject/third_party/build/ilbc'
make -f /home/pankaj/workspace/audio_wrapper/pjproject/build/rules.mak APP=ILBC app=libilbccodec ../../lib/libilbccodec-x86_64-pc-nto-qnx.a
make[3]: Entering directory '/home/pankaj/workspace/audio_wrapper/pjproject/third_party/build/ilbc'
make[3]: '../../lib/libilbccodec-x86_64-pc-nto-qnx.a' is up to date.
make[3]: Leaving directory '/home/pankaj/workspace/audio_wrapper/pjproject/third_party/build/ilbc'
make[2]: Leaving directory '/home/pankaj/workspace/audio_wrapper/pjproject/third_party/build/ilbc'
make[2]: Entering directory '/home/pankaj/workspace/audio_wrapper/pjproject/third_party/build/speex'
make -f /home/pankaj/workspace/audio_wrapper/pjproject/build/rules.mak APP=SPEEX app=libspeex ../../lib/libspeex-x86_64-pc-nto-qnx.a
make[3]: Entering directory '/home/pankaj/workspace/audio_wrapper/pjproject/third_party/build/speex'
make[3]: '../../lib/libspeex-x86_64-pc-nto-qnx.a' is up to date.
make[3]: Leaving directory '/home/pankaj/workspace/audio_wrapper/pjproject/third_party/build/speex'
make[2]: Leaving directory '/home/pankaj/workspace/audio_wrapper/pjproject/third_party/build/speex'
make[2]: Entering directory '/home/pankaj/workspace/audio_wrapper/pjproject/third_party/build/g7221'
make -f /home/pankaj/workspace/audio_wrapper/pjproject/build/rules.mak APP=G7221_CODEC app=libg7221codec ../../lib/libg7221codec-x86_64-pc-nto-qnx.a
make[3]: Entering directory '/home/pankaj/workspace/audio_wrapper/pjproject/third_party/build/g7221'
make[3]: '../../lib/libg7221codec-x86_64-pc-nto-qnx.a' is up to date.
make[3]: Leaving directory '/home/pankaj/workspace/audio_wrapper/pjproject/third_party/build/g7221'
make[2]: Leaving directory '/home/pankaj/workspace/audio_wrapper/pjproject/third_party/build/g7221'
make[2]: Entering directory '/home/pankaj/workspace/audio_wrapper/pjproject/third_party/build/srtp'
make -f /home/pankaj/workspace/audio_wrapper/pjproject/build/rules.mak APP=SRTP app=libsrtp ../../lib/libsrtp-x86_64-pc-nto-qnx.a
make[3]: Entering directory '/home/pankaj/workspace/audio_wrapper/pjproject/third_party/build/srtp'
make[3]: '../../lib/libsrtp-x86_64-pc-nto-qnx.a' is up to date.
make[3]: Leaving directory '/home/pankaj/workspace/audio_wrapper/pjproject/third_party/build/srtp'
make[2]: Leaving directory '/home/pankaj/workspace/audio_wrapper/pjproject/third_party/build/srtp'
make[2]: Entering directory '/home/pankaj/workspace/audio_wrapper/pjproject/third_party/build/resample'
make -f /home/pankaj/workspace/audio_wrapper/pjproject/build/rules.mak APP=RESAMPLE app=libresample ../../lib/libresample-x86_64-pc-nto-qnx.a
make[3]: Entering directory '/home/pankaj/workspace/audio_wrapper/pjproject/third_party/build/resample'
make[3]: '../../lib/libresample-x86_64-pc-nto-qnx.a' is up to date.
make[3]: Leaving directory '/home/pankaj/workspace/audio_wrapper/pjproject/third_party/build/resample'
make[2]: Leaving directory '/home/pankaj/workspace/audio_wrapper/pjproject/third_party/build/resample'
make[2]: Entering directory '/home/pankaj/workspace/audio_wrapper/pjproject/third_party/build/yuv'
make -f /home/pankaj/workspace/audio_wrapper/pjproject/build/rules.mak APP=YUV app=libyuv ../../lib/libyuv-x86_64-pc-nto-qnx.a
make[3]: Entering directory '/home/pankaj/workspace/audio_wrapper/pjproject/third_party/build/yuv'
make[3]: '../../lib/libyuv-x86_64-pc-nto-qnx.a' is up to date.
make[3]: Leaving directory '/home/pankaj/workspace/audio_wrapper/pjproject/third_party/build/yuv'
make[2]: Leaving directory '/home/pankaj/workspace/audio_wrapper/pjproject/third_party/build/yuv'
make[1]: Leaving directory '/home/pankaj/workspace/audio_wrapper/pjproject/third_party/build'
make[1]: Entering directory '/home/pankaj/workspace/audio_wrapper/pjproject/pjmedia/build'
make -f /home/pankaj/workspace/audio_wrapper/pjproject/build/rules.mak APP=PJMEDIA app=pjmedia ../lib/libpjmedia-x86_64-pc-nto-qnx.a
make[2]: Entering directory '/home/pankaj/workspace/audio_wrapper/pjproject/pjmedia/build'
make[2]: '../lib/libpjmedia-x86_64-pc-nto-qnx.a' is up to date.
make[2]: Leaving directory '/home/pankaj/workspace/audio_wrapper/pjproject/pjmedia/build'
make -f /home/pankaj/workspace/audio_wrapper/pjproject/build/rules.mak APP=PJMEDIA_CODEC app=pjmedia-codec ../lib/libpjmedia-codec-x86_64-pc-nto-qnx.a
make -f /home/pankaj/workspace/audio_wrapper/pjproject/build/rules.mak APP=PJMEDIA_VIDEODEV app=pjmedia-videodev ../lib/libpjmedia-videodev-x86_64-pc-nto-qnx.a
make -f /home/pankaj/workspace/audio_wrapper/pjproject/build/rules.mak APP=PJMEDIA_AUDIODEV app=pjmedia-audiodev ../lib/libpjmedia-audiodev-x86_64-pc-nto-qnx.a
make -f /home/pankaj/workspace/audio_wrapper/pjproject/build/rules.mak APP=PJSDP app=pjsdp ../lib/libpjsdp-x86_64-pc-nto-qnx.a
make[2]: Entering directory '/home/pankaj/workspace/audio_wrapper/pjproject/pjmedia/build'
make[2]: '../lib/libpjsdp-x86_64-pc-nto-qnx.a' is up to date.
make[2]: Leaving directory '/home/pankaj/workspace/audio_wrapper/pjproject/pjmedia/build'
make[2]: Entering directory '/home/pankaj/workspace/audio_wrapper/pjproject/pjmedia/build'
make[2]: '../lib/libpjmedia-videodev-x86_64-pc-nto-qnx.a' is up to date.
make[2]: Leaving directory '/home/pankaj/workspace/audio_wrapper/pjproject/pjmedia/build'
make[2]: Entering directory '/home/pankaj/workspace/audio_wrapper/pjproject/pjmedia/build'
make[2]: '../lib/libpjmedia-audiodev-x86_64-pc-nto-qnx.a' is up to date.
make[2]: Leaving directory '/home/pankaj/workspace/audio_wrapper/pjproject/pjmedia/build'
make[2]: Entering directory '/home/pankaj/workspace/audio_wrapper/pjproject/pjmedia/build'
make[2]: '../lib/libpjmedia-codec-x86_64-pc-nto-qnx.a' is up to date.
make[2]: Leaving directory '/home/pankaj/workspace/audio_wrapper/pjproject/pjmedia/build'
make -f /home/pankaj/workspace/audio_wrapper/pjproject/build/rules.mak APP=PJMEDIA_TEST app=pjmedia-test ../bin/pjmedia-test-x86_64-pc-nto-qnx
make[2]: Entering directory '/home/pankaj/workspace/audio_wrapper/pjproject/pjmedia/build'
make[2]: '../bin/pjmedia-test-x86_64-pc-nto-qnx' is up to date.
make[2]: Leaving directory '/home/pankaj/workspace/audio_wrapper/pjproject/pjmedia/build'
make[1]: Leaving directory '/home/pankaj/workspace/audio_wrapper/pjproject/pjmedia/build'
make[1]: Entering directory '/home/pankaj/workspace/audio_wrapper/pjproject/pjsip/build'
make -f /home/pankaj/workspace/audio_wrapper/pjproject/build/rules.mak APP=PJSIP app=pjsip ../lib/libpjsip-x86_64-pc-nto-qnx.a
make[2]: Entering directory '/home/pankaj/workspace/audio_wrapper/pjproject/pjsip/build'
make[2]: '../lib/libpjsip-x86_64-pc-nto-qnx.a' is up to date.
make[2]: Leaving directory '/home/pankaj/workspace/audio_wrapper/pjproject/pjsip/build'
make -f /home/pankaj/workspace/audio_wrapper/pjproject/build/rules.mak APP=PJSIP_SIMPLE app=pjsip-simple ../lib/libpjsip-simple-x86_64-pc-nto-qnx.a
make[2]: Entering directory '/home/pankaj/workspace/audio_wrapper/pjproject/pjsip/build'
make[2]: '../lib/libpjsip-simple-x86_64-pc-nto-qnx.a' is up to date.
make[2]: Leaving directory '/home/pankaj/workspace/audio_wrapper/pjproject/pjsip/build'
make -f /home/pankaj/workspace/audio_wrapper/pjproject/build/rules.mak APP=PJSIP_UA app=pjsip-ua ../lib/libpjsip-ua-x86_64-pc-nto-qnx.a
make[2]: Entering directory '/home/pankaj/workspace/audio_wrapper/pjproject/pjsip/build'
make[2]: '../lib/libpjsip-ua-x86_64-pc-nto-qnx.a' is up to date.
make[2]: Leaving directory '/home/pankaj/workspace/audio_wrapper/pjproject/pjsip/build'
make -f /home/pankaj/workspace/audio_wrapper/pjproject/build/rules.mak APP=PJSUA_LIB app=pjsua-lib ../lib/libpjsua-x86_64-pc-nto-qnx.a
make[2]: Entering directory '/home/pankaj/workspace/audio_wrapper/pjproject/pjsip/build'
make[2]: '../lib/libpjsua-x86_64-pc-nto-qnx.a' is up to date.
make[2]: Leaving directory '/home/pankaj/workspace/audio_wrapper/pjproject/pjsip/build'
make -f /home/pankaj/workspace/audio_wrapper/pjproject/build/rules.mak APP=PJSUA2_LIB app=pjsua2-lib ../lib/libpjsua2-x86_64-pc-nto-qnx.a
make -f /home/pankaj/workspace/audio_wrapper/pjproject/build/rules.mak APP=TEST app=pjsip-test ../bin/pjsip-test-x86_64-pc-nto-qnx
make[2]: Entering directory '/home/pankaj/workspace/audio_wrapper/pjproject/pjsip/build'
make[2]: '../bin/pjsip-test-x86_64-pc-nto-qnx' is up to date.
make[2]: Leaving directory '/home/pankaj/workspace/audio_wrapper/pjproject/pjsip/build'
make[2]: Entering directory '/home/pankaj/workspace/audio_wrapper/pjproject/pjsip/build'
make[2]: '../lib/libpjsua2-x86_64-pc-nto-qnx.a' is up to date.
make[2]: Leaving directory '/home/pankaj/workspace/audio_wrapper/pjproject/pjsip/build'
make -f /home/pankaj/workspace/audio_wrapper/pjproject/build/rules.mak APP=PJSUA2_TEST app=pjsua2-test ../bin/pjsua2-test-x86_64-pc-nto-qnx
make[2]: Entering directory '/home/pankaj/workspace/audio_wrapper/pjproject/pjsip/build'
make[2]: '../bin/pjsua2-test-x86_64-pc-nto-qnx' is up to date.
make[2]: Leaving directory '/home/pankaj/workspace/audio_wrapper/pjproject/pjsip/build'
make[1]: Leaving directory '/home/pankaj/workspace/audio_wrapper/pjproject/pjsip/build'
make[1]: Entering directory '/home/pankaj/workspace/audio_wrapper/pjproject/pjsip-apps/build'
make -f /home/pankaj/workspace/audio_wrapper/pjproject/build/rules.mak APP=PJSUA app=pjsua ../bin/pjsua-x86_64-pc-nto-qnx
make -f /home/pankaj/workspace/audio_wrapper/pjproject/build/rules.mak APP=PJSYSTEST app=pjsystest ../bin/pjsystest-x86_64-pc-nto-qnx
make -f Samples.mak
make[2]: Entering directory '/home/pankaj/workspace/audio_wrapper/pjproject/pjsip-apps/build'
make --no-print-directory -f /home/pankaj/workspace/audio_wrapper/pjproject/build/rules.mak SAMPLE_SRCDIR=../src/samples SAMPLE_OBJS=auddemo.o SAMPLE_CFLAGS="-DPJ_AUTOCONF=1 -fPIC -fPIC -DPJ_CONFIG_QNX=1 -DPJMEDIA_AUDIO_DEV_HAS_QNX=1 -Wno-int-to-pointer-cast -DWEBRTC_DISABLE_CPU_DETECTION -DPJ_IS_BIG_ENDIAN=0 -DPJ_IS_LITTLE_ENDIAN=1                 -I/home/pankaj/workspace/audio_wrapper/pjproject/pjlib/include -I/home/pankaj/workspace/audio_wrapper/pjproject/pjlib-util/include -I/home/pankaj/workspace/audio_wrapper/pjproject/pjnath/include -I/home/pankaj/workspace/audio_wrapper/pjproject/pjmedia/include -I/home/pankaj/workspace/audio_wrapper/pjproject/pjsip/include -fPIC                " SAMPLE_CXXFLAGS="-fPIC -DPJ_AUTOCONF=1 -fPIC -fPIC -DPJ_CONFIG_QNX=1 -DPJMEDIA_AUDIO_DEV_HAS_QNX=1 -Wno-int-to-pointer-cast -DWEBRTC_DISABLE_CPU_DETECTION -DPJ_IS_BIG_ENDIAN=0 -DPJ_IS_LITTLE_ENDIAN=1                 -I/home/pankaj/workspace/audio_wrapper/pjproject/pjlib/include -I/home/pankaj/workspace/audio_wrapper/pjproject/pjlib-util/include -I/home/pankaj/workspace/audio_wrapper/pjproject/pjnath/include -I/home/pankaj/workspace/audio_wrapper/pjproject/pjmedia/include -I/home/pankaj/workspace/audio_wrapper/pjproject/pjsip/include -fPIC                " SAMPLE_LDFLAGS="-L/home/pankaj/workspace/audio_wrapper/pjproject/pjlib/lib -L/home/pankaj/workspace/audio_wrapper/pjproject/pjlib-util/lib -L/home/pankaj/workspace/audio_wrapper/pjproject/pjnath/lib -L/home/pankaj/workspace/audio_wrapper/pjproject/pjmedia/lib -L/home/pankaj/workspace/audio_wrapper/pjproject/pjsip/lib -L/home/pankaj/workspace/audio_wrapper/pjproject/third_party/lib             -L/home/pankaj/qnx710/target/qnx7/x86_64/usr/lib -L/home/pankaj/qnx710/target/qnx7/x86_64/lib -L/home/pankaj/qnx710/host/linux/x86_64/usr/lib/gcc/x86_64-pc-nto-qnx7.1.0/4.6.3 -lgcc -lasound -lpjsua-x86_64-pc-nto-qnx -lpjsip-ua-x86_64-pc-nto-qnx -lpjsip-simple-x86_64-pc-nto-qnx -lpjsip-x86_64-pc-nto-qnx -lpjmedia-codec-x86_64-pc-nto-qnx -lpjmedia-videodev-x86_64-pc-nto-qnx -lpjmedia-audiodev-x86_64-pc-nto-qnx -lpjmedia-x86_64-pc-nto-qnx -lpjnath-x86_64-pc-nto-qnx -lpjlib-util-x86_64-pc-nto-qnx  -lsrtp-x86_64-pc-nto-qnx -lresample-x86_64-pc-nto-qnx -lgsmcodec-x86_64-pc-nto-qnx -lspeex-x86_64-pc-nto-qnx -lilbccodec-x86_64-pc-nto-qnx -lg7221codec-x86_64-pc-nto-qnx -lyuv-x86_64-pc-nto-qnx  -lpj-x86_64-pc-nto-qnx -lm -lsocket  " SAMPLE_EXE=auddemo APP=SAMPLE app=sample ../bin/samples/x86_64-pc-nto-qnx/auddemo
make --no-print-directory -f /home/pankaj/workspace/audio_wrapper/pjproject/build/rules.mak SAMPLE_SRCDIR=../src/samples SAMPLE_OBJS=aviplay.o SAMPLE_CFLAGS="-DPJ_AUTOCONF=1 -fPIC -fPIC -DPJ_CONFIG_QNX=1 -DPJMEDIA_AUDIO_DEV_HAS_QNX=1 -Wno-int-to-pointer-cast -DWEBRTC_DISABLE_CPU_DETECTION -DPJ_IS_BIG_ENDIAN=0 -DPJ_IS_LITTLE_ENDIAN=1                 -I/home/pankaj/workspace/audio_wrapper/pjproject/pjlib/include -I/home/pankaj/workspace/audio_wrapper/pjproject/pjlib-util/include -I/home/pankaj/workspace/audio_wrapper/pjproject/pjnath/include -I/home/pankaj/workspace/audio_wrapper/pjproject/pjmedia/include -I/home/pankaj/workspace/audio_wrapper/pjproject/pjsip/include -fPIC                " SAMPLE_CXXFLAGS="-fPIC -DPJ_AUTOCONF=1 -fPIC -fPIC -DPJ_CONFIG_QNX=1 -DPJMEDIA_AUDIO_DEV_HAS_QNX=1 -Wno-int-to-pointer-cast -DWEBRTC_DISABLE_CPU_DETECTION -DPJ_IS_BIG_ENDIAN=0 -DPJ_IS_LITTLE_ENDIAN=1                 -I/home/pankaj/workspace/audio_wrapper/pjproject/pjlib/include -I/home/pankaj/workspace/audio_wrapper/pjproject/pjlib-util/include -I/home/pankaj/workspace/audio_wrapper/pjproject/pjnath/include -I/home/pankaj/workspace/audio_wrapper/pjproject/pjmedia/include -I/home/pankaj/workspace/audio_wrapper/pjproject/pjsip/include -fPIC                " SAMPLE_LDFLAGS="-L/home/pankaj/workspace/audio_wrapper/pjproject/pjlib/lib -L/home/pankaj/workspace/audio_wrapper/pjproject/pjlib-util/lib -L/home/pankaj/workspace/audio_wrapper/pjproject/pjnath/lib -L/home/pankaj/workspace/audio_wrapper/pjproject/pjmedia/lib -L/home/pankaj/workspace/audio_wrapper/pjproject/pjsip/lib -L/home/pankaj/workspace/audio_wrapper/pjproject/third_party/lib             -L/home/pankaj/qnx710/target/qnx7/x86_64/usr/lib -L/home/pankaj/qnx710/target/qnx7/x86_64/lib -L/home/pankaj/qnx710/host/linux/x86_64/usr/lib/gcc/x86_64-pc-nto-qnx7.1.0/4.6.3 -lgcc -lasound -lpjsua-x86_64-pc-nto-qnx -lpjsip-ua-x86_64-pc-nto-qnx -lpjsip-simple-x86_64-pc-nto-qnx -lpjsip-x86_64-pc-nto-qnx -lpjmedia-codec-x86_64-pc-nto-qnx -lpjmedia-videodev-x86_64-pc-nto-qnx -lpjmedia-audiodev-x86_64-pc-nto-qnx -lpjmedia-x86_64-pc-nto-qnx -lpjnath-x86_64-pc-nto-qnx -lpjlib-util-x86_64-pc-nto-qnx  -lsrtp-x86_64-pc-nto-qnx -lresample-x86_64-pc-nto-qnx -lgsmcodec-x86_64-pc-nto-qnx -lspeex-x86_64-pc-nto-qnx -lilbccodec-x86_64-pc-nto-qnx -lg7221codec-x86_64-pc-nto-qnx -lyuv-x86_64-pc-nto-qnx  -lpj-x86_64-pc-nto-qnx -lm -lsocket  " SAMPLE_EXE=aviplay APP=SAMPLE app=sample ../bin/samples/x86_64-pc-nto-qnx/aviplay
make --no-print-directory -f /home/pankaj/workspace/audio_wrapper/pjproject/build/rules.mak SAMPLE_SRCDIR=../src/samples SAMPLE_OBJS=aectest.o SAMPLE_CFLAGS="-DPJ_AUTOCONF=1 -fPIC -fPIC -DPJ_CONFIG_QNX=1 -DPJMEDIA_AUDIO_DEV_HAS_QNX=1 -Wno-int-to-pointer-cast -DWEBRTC_DISABLE_CPU_DETECTION -DPJ_IS_BIG_ENDIAN=0 -DPJ_IS_LITTLE_ENDIAN=1                 -I/home/pankaj/workspace/audio_wrapper/pjproject/pjlib/include -I/home/pankaj/workspace/audio_wrapper/pjproject/pjlib-util/include -I/home/pankaj/workspace/audio_wrapper/pjproject/pjnath/include -I/home/pankaj/workspace/audio_wrapper/pjproject/pjmedia/include -I/home/pankaj/workspace/audio_wrapper/pjproject/pjsip/include -fPIC                " SAMPLE_CXXFLAGS="-fPIC -DPJ_AUTOCONF=1 -fPIC -fPIC -DPJ_CONFIG_QNX=1 -DPJMEDIA_AUDIO_DEV_HAS_QNX=1 -Wno-int-to-pointer-cast -DWEBRTC_DISABLE_CPU_DETECTION -DPJ_IS_BIG_ENDIAN=0 -DPJ_IS_LITTLE_ENDIAN=1                 -I/home/pankaj/workspace/audio_wrapper/pjproject/pjlib/include -I/home/pankaj/workspace/audio_wrapper/pjproject/pjlib-util/include -I/home/pankaj/workspace/audio_wrapper/pjproject/pjnath/include -I/home/pankaj/workspace/audio_wrapper/pjproject/pjmedia/include -I/home/pankaj/workspace/audio_wrapper/pjproject/pjsip/include -fPIC                " SAMPLE_LDFLAGS="-L/home/pankaj/workspace/audio_wrapper/pjproject/pjlib/lib -L/home/pankaj/workspace/audio_wrapper/pjproject/pjlib-util/lib -L/home/pankaj/workspace/audio_wrapper/pjproject/pjnath/lib -L/home/pankaj/workspace/audio_wrapper/pjproject/pjmedia/lib -L/home/pankaj/workspace/audio_wrapper/pjproject/pjsip/lib -L/home/pankaj/workspace/audio_wrapper/pjproject/third_party/lib             -L/home/pankaj/qnx710/target/qnx7/x86_64/usr/lib -L/home/pankaj/qnx710/target/qnx7/x86_64/lib -L/home/pankaj/qnx710/host/linux/x86_64/usr/lib/gcc/x86_64-pc-nto-qnx7.1.0/4.6.3 -lgcc -lasound -lpjsua-x86_64-pc-nto-qnx -lpjsip-ua-x86_64-pc-nto-qnx -lpjsip-simple-x86_64-pc-nto-qnx -lpjsip-x86_64-pc-nto-qnx -lpjmedia-codec-x86_64-pc-nto-qnx -lpjmedia-videodev-x86_64-pc-nto-qnx -lpjmedia-audiodev-x86_64-pc-nto-qnx -lpjmedia-x86_64-pc-nto-qnx -lpjnath-x86_64-pc-nto-qnx -lpjlib-util-x86_64-pc-nto-qnx  -lsrtp-x86_64-pc-nto-qnx -lresample-x86_64-pc-nto-qnx -lgsmcodec-x86_64-pc-nto-qnx -lspeex-x86_64-pc-nto-qnx -lilbccodec-x86_64-pc-nto-qnx -lg7221codec-x86_64-pc-nto-qnx -lyuv-x86_64-pc-nto-qnx  -lpj-x86_64-pc-nto-qnx -lm -lsocket  " SAMPLE_EXE=aectest APP=SAMPLE app=sample ../bin/samples/x86_64-pc-nto-qnx/aectest
make --no-print-directory -f /home/pankaj/workspace/audio_wrapper/pjproject/build/rules.mak SAMPLE_SRCDIR=../src/samples SAMPLE_OBJS=clidemo.o SAMPLE_CFLAGS="-DPJ_AUTOCONF=1 -fPIC -fPIC -DPJ_CONFIG_QNX=1 -DPJMEDIA_AUDIO_DEV_HAS_QNX=1 -Wno-int-to-pointer-cast -DWEBRTC_DISABLE_CPU_DETECTION -DPJ_IS_BIG_ENDIAN=0 -DPJ_IS_LITTLE_ENDIAN=1                 -I/home/pankaj/workspace/audio_wrapper/pjproject/pjlib/include -I/home/pankaj/workspace/audio_wrapper/pjproject/pjlib-util/include -I/home/pankaj/workspace/audio_wrapper/pjproject/pjnath/include -I/home/pankaj/workspace/audio_wrapper/pjproject/pjmedia/include -I/home/pankaj/workspace/audio_wrapper/pjproject/pjsip/include -fPIC                " SAMPLE_CXXFLAGS="-fPIC -DPJ_AUTOCONF=1 -fPIC -fPIC -DPJ_CONFIG_QNX=1 -DPJMEDIA_AUDIO_DEV_HAS_QNX=1 -Wno-int-to-pointer-cast -DWEBRTC_DISABLE_CPU_DETECTION -DPJ_IS_BIG_ENDIAN=0 -DPJ_IS_LITTLE_ENDIAN=1                 -I/home/pankaj/workspace/audio_wrapper/pjproject/pjlib/include -I/home/pankaj/workspace/audio_wrapper/pjproject/pjlib-util/include -I/home/pankaj/workspace/audio_wrapper/pjproject/pjnath/include -I/home/pankaj/workspace/audio_wrapper/pjproject/pjmedia/include -I/home/pankaj/workspace/audio_wrapper/pjproject/pjsip/include -fPIC                " SAMPLE_LDFLAGS="-L/home/pankaj/workspace/audio_wrapper/pjproject/pjlib/lib -L/home/pankaj/workspace/audio_wrapper/pjproject/pjlib-util/lib -L/home/pankaj/workspace/audio_wrapper/pjproject/pjnath/lib -L/home/pankaj/workspace/audio_wrapper/pjproject/pjmedia/lib -L/home/pankaj/workspace/audio_wrapper/pjproject/pjsip/lib -L/home/pankaj/workspace/audio_wrapper/pjproject/third_party/lib             -L/home/pankaj/qnx710/target/qnx7/x86_64/usr/lib -L/home/pankaj/qnx710/target/qnx7/x86_64/lib -L/home/pankaj/qnx710/host/linux/x86_64/usr/lib/gcc/x86_64-pc-nto-qnx7.1.0/4.6.3 -lgcc -lasound -lpjsua-x86_64-pc-nto-qnx -lpjsip-ua-x86_64-pc-nto-qnx -lpjsip-simple-x86_64-pc-nto-qnx -lpjsip-x86_64-pc-nto-qnx -lpjmedia-codec-x86_64-pc-nto-qnx -lpjmedia-videodev-x86_64-pc-nto-qnx -lpjmedia-audiodev-x86_64-pc-nto-qnx -lpjmedia-x86_64-pc-nto-qnx -lpjnath-x86_64-pc-nto-qnx -lpjlib-util-x86_64-pc-nto-qnx  -lsrtp-x86_64-pc-nto-qnx -lresample-x86_64-pc-nto-qnx -lgsmcodec-x86_64-pc-nto-qnx -lspeex-x86_64-pc-nto-qnx -lilbccodec-x86_64-pc-nto-qnx -lg7221codec-x86_64-pc-nto-qnx -lyuv-x86_64-pc-nto-qnx  -lpj-x86_64-pc-nto-qnx -lm -lsocket  " SAMPLE_EXE=clidemo APP=SAMPLE app=sample ../bin/samples/x86_64-pc-nto-qnx/clidemo
make[2]: Entering directory '/home/pankaj/workspace/audio_wrapper/pjproject/pjsip-apps/build'
make[3]: '../bin/samples/x86_64-pc-nto-qnx/auddemo' is up to date.
make[2]: '../bin/pjsystest-x86_64-pc-nto-qnx' is up to date.
make[2]: Leaving directory '/home/pankaj/workspace/audio_wrapper/pjproject/pjsip-apps/build'
make --no-print-directory -f /home/pankaj/workspace/audio_wrapper/pjproject/build/rules.mak SAMPLE_SRCDIR=../src/samples SAMPLE_OBJS=confsample.o SAMPLE_CFLAGS="-DPJ_AUTOCONF=1 -fPIC -fPIC -DPJ_CONFIG_QNX=1 -DPJMEDIA_AUDIO_DEV_HAS_QNX=1 -Wno-int-to-pointer-cast -DWEBRTC_DISABLE_CPU_DETECTION -DPJ_IS_BIG_ENDIAN=0 -DPJ_IS_LITTLE_ENDIAN=1                 -I/home/pankaj/workspace/audio_wrapper/pjproject/pjlib/include -I/home/pankaj/workspace/audio_wrapper/pjproject/pjlib-util/include -I/home/pankaj/workspace/audio_wrapper/pjproject/pjnath/include -I/home/pankaj/workspace/audio_wrapper/pjproject/pjmedia/include -I/home/pankaj/workspace/audio_wrapper/pjproject/pjsip/include -fPIC                " SAMPLE_CXXFLAGS="-fPIC -DPJ_AUTOCONF=1 -fPIC -fPIC -DPJ_CONFIG_QNX=1 -DPJMEDIA_AUDIO_DEV_HAS_QNX=1 -Wno-int-to-pointer-cast -DWEBRTC_DISABLE_CPU_DETECTION -DPJ_IS_BIG_ENDIAN=0 -DPJ_IS_LITTLE_ENDIAN=1                 -I/home/pankaj/workspace/audio_wrapper/pjproject/pjlib/include -I/home/pankaj/workspace/audio_wrapper/pjproject/pjlib-util/include -I/home/pankaj/workspace/audio_wrapper/pjproject/pjnath/include -I/home/pankaj/workspace/audio_wrapper/pjproject/pjmedia/include -I/home/pankaj/workspace/audio_wrapper/pjproject/pjsip/include -fPIC                " SAMPLE_LDFLAGS="-L/home/pankaj/workspace/audio_wrapper/pjproject/pjlib/lib -L/home/pankaj/workspace/audio_wrapper/pjproject/pjlib-util/lib -L/home/pankaj/workspace/audio_wrapper/pjproject/pjnath/lib -L/home/pankaj/workspace/audio_wrapper/pjproject/pjmedia/lib -L/home/pankaj/workspace/audio_wrapper/pjproject/pjsip/lib -L/home/pankaj/workspace/audio_wrapper/pjproject/third_party/lib             -L/home/pankaj/qnx710/target/qnx7/x86_64/usr/lib -L/home/pankaj/qnx710/target/qnx7/x86_64/lib -L/home/pankaj/qnx710/host/linux/x86_64/usr/lib/gcc/x86_64-pc-nto-qnx7.1.0/4.6.3 -lgcc -lasound -lpjsua-x86_64-pc-nto-qnx -lpjsip-ua-x86_64-pc-nto-qnx -lpjsip-simple-x86_64-pc-nto-qnx -lpjsip-x86_64-pc-nto-qnx -lpjmedia-codec-x86_64-pc-nto-qnx -lpjmedia-videodev-x86_64-pc-nto-qnx -lpjmedia-audiodev-x86_64-pc-nto-qnx -lpjmedia-x86_64-pc-nto-qnx -lpjnath-x86_64-pc-nto-qnx -lpjlib-util-x86_64-pc-nto-qnx  -lsrtp-x86_64-pc-nto-qnx -lresample-x86_64-pc-nto-qnx -lgsmcodec-x86_64-pc-nto-qnx -lspeex-x86_64-pc-nto-qnx -lilbccodec-x86_64-pc-nto-qnx -lg7221codec-x86_64-pc-nto-qnx -lyuv-x86_64-pc-nto-qnx  -lpj-x86_64-pc-nto-qnx -lm -lsocket  " SAMPLE_EXE=confsample APP=SAMPLE app=sample ../bin/samples/x86_64-pc-nto-qnx/confsample
make[3]: '../bin/samples/x86_64-pc-nto-qnx/aectest' is up to date.
make[3]: '../bin/samples/x86_64-pc-nto-qnx/clidemo' is up to date.
make --no-print-directory -f /home/pankaj/workspace/audio_wrapper/pjproject/build/rules.mak SAMPLE_SRCDIR=../src/samples SAMPLE_OBJS=encdec.o SAMPLE_CFLAGS="-DPJ_AUTOCONF=1 -fPIC -fPIC -DPJ_CONFIG_QNX=1 -DPJMEDIA_AUDIO_DEV_HAS_QNX=1 -Wno-int-to-pointer-cast -DWEBRTC_DISABLE_CPU_DETECTION -DPJ_IS_BIG_ENDIAN=0 -DPJ_IS_LITTLE_ENDIAN=1                 -I/home/pankaj/workspace/audio_wrapper/pjproject/pjlib/include -I/home/pankaj/workspace/audio_wrapper/pjproject/pjlib-util/include -I/home/pankaj/workspace/audio_wrapper/pjproject/pjnath/include -I/home/pankaj/workspace/audio_wrapper/pjproject/pjmedia/include -I/home/pankaj/workspace/audio_wrapper/pjproject/pjsip/include -fPIC                " SAMPLE_CXXFLAGS="-fPIC -DPJ_AUTOCONF=1 -fPIC -fPIC -DPJ_CONFIG_QNX=1 -DPJMEDIA_AUDIO_DEV_HAS_QNX=1 -Wno-int-to-pointer-cast -DWEBRTC_DISABLE_CPU_DETECTION -DPJ_IS_BIG_ENDIAN=0 -DPJ_IS_LITTLE_ENDIAN=1                 -I/home/pankaj/workspace/audio_wrapper/pjproject/pjlib/include -I/home/pankaj/workspace/audio_wrapper/pjproject/pjlib-util/include -I/home/pankaj/workspace/audio_wrapper/pjproject/pjnath/include -I/home/pankaj/workspace/audio_wrapper/pjproject/pjmedia/include -I/home/pankaj/workspace/audio_wrapper/pjproject/pjsip/include -fPIC                " SAMPLE_LDFLAGS="-L/home/pankaj/workspace/audio_wrapper/pjproject/pjlib/lib -L/home/pankaj/workspace/audio_wrapper/pjproject/pjlib-util/lib -L/home/pankaj/workspace/audio_wrapper/pjproject/pjnath/lib -L/home/pankaj/workspace/audio_wrapper/pjproject/pjmedia/lib -L/home/pankaj/workspace/audio_wrapper/pjproject/pjsip/lib -L/home/pankaj/workspace/audio_wrapper/pjproject/third_party/lib             -L/home/pankaj/qnx710/target/qnx7/x86_64/usr/lib -L/home/pankaj/qnx710/target/qnx7/x86_64/lib -L/home/pankaj/qnx710/host/linux/x86_64/usr/lib/gcc/x86_64-pc-nto-qnx7.1.0/4.6.3 -lgcc -lasound -lpjsua-x86_64-pc-nto-qnx -lpjsip-ua-x86_64-pc-nto-qnx -lpjsip-simple-x86_64-pc-nto-qnx -lpjsip-x86_64-pc-nto-qnx -lpjmedia-codec-x86_64-pc-nto-qnx -lpjmedia-videodev-x86_64-pc-nto-qnx -lpjmedia-audiodev-x86_64-pc-nto-qnx -lpjmedia-x86_64-pc-nto-qnx -lpjnath-x86_64-pc-nto-qnx -lpjlib-util-x86_64-pc-nto-qnx  -lsrtp-x86_64-pc-nto-qnx -lresample-x86_64-pc-nto-qnx -lgsmcodec-x86_64-pc-nto-qnx -lspeex-x86_64-pc-nto-qnx -lilbccodec-x86_64-pc-nto-qnx -lg7221codec-x86_64-pc-nto-qnx -lyuv-x86_64-pc-nto-qnx  -lpj-x86_64-pc-nto-qnx -lm -lsocket  " SAMPLE_EXE=encdec APP=SAMPLE app=sample ../bin/samples/x86_64-pc-nto-qnx/encdec
make[3]: '../bin/samples/x86_64-pc-nto-qnx/aviplay' is up to date.
make --no-print-directory -f /home/pankaj/workspace/audio_wrapper/pjproject/build/rules.mak SAMPLE_SRCDIR=../src/samples SAMPLE_OBJS=httpdemo.o SAMPLE_CFLAGS="-DPJ_AUTOCONF=1 -fPIC -fPIC -DPJ_CONFIG_QNX=1 -DPJMEDIA_AUDIO_DEV_HAS_QNX=1 -Wno-int-to-pointer-cast -DWEBRTC_DISABLE_CPU_DETECTION -DPJ_IS_BIG_ENDIAN=0 -DPJ_IS_LITTLE_ENDIAN=1                 -I/home/pankaj/workspace/audio_wrapper/pjproject/pjlib/include -I/home/pankaj/workspace/audio_wrapper/pjproject/pjlib-util/include -I/home/pankaj/workspace/audio_wrapper/pjproject/pjnath/include -I/home/pankaj/workspace/audio_wrapper/pjproject/pjmedia/include -I/home/pankaj/workspace/audio_wrapper/pjproject/pjsip/include -fPIC                " SAMPLE_CXXFLAGS="-fPIC -DPJ_AUTOCONF=1 -fPIC -fPIC -DPJ_CONFIG_QNX=1 -DPJMEDIA_AUDIO_DEV_HAS_QNX=1 -Wno-int-to-pointer-cast -DWEBRTC_DISABLE_CPU_DETECTION -DPJ_IS_BIG_ENDIAN=0 -DPJ_IS_LITTLE_ENDIAN=1                 -I/home/pankaj/workspace/audio_wrapper/pjproject/pjlib/include -I/home/pankaj/workspace/audio_wrapper/pjproject/pjlib-util/include -I/home/pankaj/workspace/audio_wrapper/pjproject/pjnath/include -I/home/pankaj/workspace/audio_wrapper/pjproject/pjmedia/include -I/home/pankaj/workspace/audio_wrapper/pjproject/pjsip/include -fPIC                " SAMPLE_LDFLAGS="-L/home/pankaj/workspace/audio_wrapper/pjproject/pjlib/lib -L/home/pankaj/workspace/audio_wrapper/pjproject/pjlib-util/lib -L/home/pankaj/workspace/audio_wrapper/pjproject/pjnath/lib -L/home/pankaj/workspace/audio_wrapper/pjproject/pjmedia/lib -L/home/pankaj/workspace/audio_wrapper/pjproject/pjsip/lib -L/home/pankaj/workspace/audio_wrapper/pjproject/third_party/lib             -L/home/pankaj/qnx710/target/qnx7/x86_64/usr/lib -L/home/pankaj/qnx710/target/qnx7/x86_64/lib -L/home/pankaj/qnx710/host/linux/x86_64/usr/lib/gcc/x86_64-pc-nto-qnx7.1.0/4.6.3 -lgcc -lasound -lpjsua-x86_64-pc-nto-qnx -lpjsip-ua-x86_64-pc-nto-qnx -lpjsip-simple-x86_64-pc-nto-qnx -lpjsip-x86_64-pc-nto-qnx -lpjmedia-codec-x86_64-pc-nto-qnx -lpjmedia-videodev-x86_64-pc-nto-qnx -lpjmedia-audiodev-x86_64-pc-nto-qnx -lpjmedia-x86_64-pc-nto-qnx -lpjnath-x86_64-pc-nto-qnx -lpjlib-util-x86_64-pc-nto-qnx  -lsrtp-x86_64-pc-nto-qnx -lresample-x86_64-pc-nto-qnx -lgsmcodec-x86_64-pc-nto-qnx -lspeex-x86_64-pc-nto-qnx -lilbccodec-x86_64-pc-nto-qnx -lg7221codec-x86_64-pc-nto-qnx -lyuv-x86_64-pc-nto-qnx  -lpj-x86_64-pc-nto-qnx -lm -lsocket  " SAMPLE_EXE=httpdemo APP=SAMPLE app=sample ../bin/samples/x86_64-pc-nto-qnx/httpdemo
make --no-print-directory -f /home/pankaj/workspace/audio_wrapper/pjproject/build/rules.mak SAMPLE_SRCDIR=../src/samples SAMPLE_OBJS=icedemo.o SAMPLE_CFLAGS="-DPJ_AUTOCONF=1 -fPIC -fPIC -DPJ_CONFIG_QNX=1 -DPJMEDIA_AUDIO_DEV_HAS_QNX=1 -Wno-int-to-pointer-cast -DWEBRTC_DISABLE_CPU_DETECTION -DPJ_IS_BIG_ENDIAN=0 -DPJ_IS_LITTLE_ENDIAN=1                 -I/home/pankaj/workspace/audio_wrapper/pjproject/pjlib/include -I/home/pankaj/workspace/audio_wrapper/pjproject/pjlib-util/include -I/home/pankaj/workspace/audio_wrapper/pjproject/pjnath/include -I/home/pankaj/workspace/audio_wrapper/pjproject/pjmedia/include -I/home/pankaj/workspace/audio_wrapper/pjproject/pjsip/include -fPIC                " SAMPLE_CXXFLAGS="-fPIC -DPJ_AUTOCONF=1 -fPIC -fPIC -DPJ_CONFIG_QNX=1 -DPJMEDIA_AUDIO_DEV_HAS_QNX=1 -Wno-int-to-pointer-cast -DWEBRTC_DISABLE_CPU_DETECTION -DPJ_IS_BIG_ENDIAN=0 -DPJ_IS_LITTLE_ENDIAN=1                 -I/home/pankaj/workspace/audio_wrapper/pjproject/pjlib/include -I/home/pankaj/workspace/audio_wrapper/pjproject/pjlib-util/include -I/home/pankaj/workspace/audio_wrapper/pjproject/pjnath/include -I/home/pankaj/workspace/audio_wrapper/pjproject/pjmedia/include -I/home/pankaj/workspace/audio_wrapper/pjproject/pjsip/include -fPIC                " SAMPLE_LDFLAGS="-L/home/pankaj/workspace/audio_wrapper/pjproject/pjlib/lib -L/home/pankaj/workspace/audio_wrapper/pjproject/pjlib-util/lib -L/home/pankaj/workspace/audio_wrapper/pjproject/pjnath/lib -L/home/pankaj/workspace/audio_wrapper/pjproject/pjmedia/lib -L/home/pankaj/workspace/audio_wrapper/pjproject/pjsip/lib -L/home/pankaj/workspace/audio_wrapper/pjproject/third_party/lib             -L/home/pankaj/qnx710/target/qnx7/x86_64/usr/lib -L/home/pankaj/qnx710/target/qnx7/x86_64/lib -L/home/pankaj/qnx710/host/linux/x86_64/usr/lib/gcc/x86_64-pc-nto-qnx7.1.0/4.6.3 -lgcc -lasound -lpjsua-x86_64-pc-nto-qnx -lpjsip-ua-x86_64-pc-nto-qnx -lpjsip-simple-x86_64-pc-nto-qnx -lpjsip-x86_64-pc-nto-qnx -lpjmedia-codec-x86_64-pc-nto-qnx -lpjmedia-videodev-x86_64-pc-nto-qnx -lpjmedia-audiodev-x86_64-pc-nto-qnx -lpjmedia-x86_64-pc-nto-qnx -lpjnath-x86_64-pc-nto-qnx -lpjlib-util-x86_64-pc-nto-qnx  -lsrtp-x86_64-pc-nto-qnx -lresample-x86_64-pc-nto-qnx -lgsmcodec-x86_64-pc-nto-qnx -lspeex-x86_64-pc-nto-qnx -lilbccodec-x86_64-pc-nto-qnx -lg7221codec-x86_64-pc-nto-qnx -lyuv-x86_64-pc-nto-qnx  -lpj-x86_64-pc-nto-qnx -lm -lsocket  " SAMPLE_EXE=icedemo APP=SAMPLE app=sample ../bin/samples/x86_64-pc-nto-qnx/icedemo
make --no-print-directory -f /home/pankaj/workspace/audio_wrapper/pjproject/build/rules.mak SAMPLE_SRCDIR=../src/samples SAMPLE_OBJS=jbsim.o SAMPLE_CFLAGS="-DPJ_AUTOCONF=1 -fPIC -fPIC -DPJ_CONFIG_QNX=1 -DPJMEDIA_AUDIO_DEV_HAS_QNX=1 -Wno-int-to-pointer-cast -DWEBRTC_DISABLE_CPU_DETECTION -DPJ_IS_BIG_ENDIAN=0 -DPJ_IS_LITTLE_ENDIAN=1                 -I/home/pankaj/workspace/audio_wrapper/pjproject/pjlib/include -I/home/pankaj/workspace/audio_wrapper/pjproject/pjlib-util/include -I/home/pankaj/workspace/audio_wrapper/pjproject/pjnath/include -I/home/pankaj/workspace/audio_wrapper/pjproject/pjmedia/include -I/home/pankaj/workspace/audio_wrapper/pjproject/pjsip/include -fPIC                " SAMPLE_CXXFLAGS="-fPIC -DPJ_AUTOCONF=1 -fPIC -fPIC -DPJ_CONFIG_QNX=1 -DPJMEDIA_AUDIO_DEV_HAS_QNX=1 -Wno-int-to-pointer-cast -DWEBRTC_DISABLE_CPU_DETECTION -DPJ_IS_BIG_ENDIAN=0 -DPJ_IS_LITTLE_ENDIAN=1                 -I/home/pankaj/workspace/audio_wrapper/pjproject/pjlib/include -I/home/pankaj/workspace/audio_wrapper/pjproject/pjlib-util/include -I/home/pankaj/workspace/audio_wrapper/pjproject/pjnath/include -I/home/pankaj/workspace/audio_wrapper/pjproject/pjmedia/include -I/home/pankaj/workspace/audio_wrapper/pjproject/pjsip/include -fPIC                " SAMPLE_LDFLAGS="-L/home/pankaj/workspace/audio_wrapper/pjproject/pjlib/lib -L/home/pankaj/workspace/audio_wrapper/pjproject/pjlib-util/lib -L/home/pankaj/workspace/audio_wrapper/pjproject/pjnath/lib -L/home/pankaj/workspace/audio_wrapper/pjproject/pjmedia/lib -L/home/pankaj/workspace/audio_wrapper/pjproject/pjsip/lib -L/home/pankaj/workspace/audio_wrapper/pjproject/third_party/lib             -L/home/pankaj/qnx710/target/qnx7/x86_64/usr/lib -L/home/pankaj/qnx710/target/qnx7/x86_64/lib -L/home/pankaj/qnx710/host/linux/x86_64/usr/lib/gcc/x86_64-pc-nto-qnx7.1.0/4.6.3 -lgcc -lasound -lpjsua-x86_64-pc-nto-qnx -lpjsip-ua-x86_64-pc-nto-qnx -lpjsip-simple-x86_64-pc-nto-qnx -lpjsip-x86_64-pc-nto-qnx -lpjmedia-codec-x86_64-pc-nto-qnx -lpjmedia-videodev-x86_64-pc-nto-qnx -lpjmedia-audiodev-x86_64-pc-nto-qnx -lpjmedia-x86_64-pc-nto-qnx -lpjnath-x86_64-pc-nto-qnx -lpjlib-util-x86_64-pc-nto-qnx  -lsrtp-x86_64-pc-nto-qnx -lresample-x86_64-pc-nto-qnx -lgsmcodec-x86_64-pc-nto-qnx -lspeex-x86_64-pc-nto-qnx -lilbccodec-x86_64-pc-nto-qnx -lg7221codec-x86_64-pc-nto-qnx -lyuv-x86_64-pc-nto-qnx  -lpj-x86_64-pc-nto-qnx -lm -lsocket  " SAMPLE_EXE=jbsim APP=SAMPLE app=sample ../bin/samples/x86_64-pc-nto-qnx/jbsim
make[3]: '../bin/samples/x86_64-pc-nto-qnx/encdec' is up to date.
make[2]: Entering directory '/home/pankaj/workspace/audio_wrapper/pjproject/pjsip-apps/build'
make[2]: '../bin/pjsua-x86_64-pc-nto-qnx' is up to date.
make[2]: Leaving directory '/home/pankaj/workspace/audio_wrapper/pjproject/pjsip-apps/build'
make[3]: '../bin/samples/x86_64-pc-nto-qnx/confsample' is up to date.
make --no-print-directory -f /home/pankaj/workspace/audio_wrapper/pjproject/build/rules.mak SAMPLE_SRCDIR=../src/samples SAMPLE_OBJS=latency.o SAMPLE_CFLAGS="-DPJ_AUTOCONF=1 -fPIC -fPIC -DPJ_CONFIG_QNX=1 -DPJMEDIA_AUDIO_DEV_HAS_QNX=1 -Wno-int-to-pointer-cast -DWEBRTC_DISABLE_CPU_DETECTION -DPJ_IS_BIG_ENDIAN=0 -DPJ_IS_LITTLE_ENDIAN=1                 -I/home/pankaj/workspace/audio_wrapper/pjproject/pjlib/include -I/home/pankaj/workspace/audio_wrapper/pjproject/pjlib-util/include -I/home/pankaj/workspace/audio_wrapper/pjproject/pjnath/include -I/home/pankaj/workspace/audio_wrapper/pjproject/pjmedia/include -I/home/pankaj/workspace/audio_wrapper/pjproject/pjsip/include -fPIC                " SAMPLE_CXXFLAGS="-fPIC -DPJ_AUTOCONF=1 -fPIC -fPIC -DPJ_CONFIG_QNX=1 -DPJMEDIA_AUDIO_DEV_HAS_QNX=1 -Wno-int-to-pointer-cast -DWEBRTC_DISABLE_CPU_DETECTION -DPJ_IS_BIG_ENDIAN=0 -DPJ_IS_LITTLE_ENDIAN=1                 -I/home/pankaj/workspace/audio_wrapper/pjproject/pjlib/include -I/home/pankaj/workspace/audio_wrapper/pjproject/pjlib-util/include -I/home/pankaj/workspace/audio_wrapper/pjproject/pjnath/include -I/home/pankaj/workspace/audio_wrapper/pjproject/pjmedia/include -I/home/pankaj/workspace/audio_wrapper/pjproject/pjsip/include -fPIC                " SAMPLE_LDFLAGS="-L/home/pankaj/workspace/audio_wrapper/pjproject/pjlib/lib -L/home/pankaj/workspace/audio_wrapper/pjproject/pjlib-util/lib -L/home/pankaj/workspace/audio_wrapper/pjproject/pjnath/lib -L/home/pankaj/workspace/audio_wrapper/pjproject/pjmedia/lib -L/home/pankaj/workspace/audio_wrapper/pjproject/pjsip/lib -L/home/pankaj/workspace/audio_wrapper/pjproject/third_party/lib             -L/home/pankaj/qnx710/target/qnx7/x86_64/usr/lib -L/home/pankaj/qnx710/target/qnx7/x86_64/lib -L/home/pankaj/qnx710/host/linux/x86_64/usr/lib/gcc/x86_64-pc-nto-qnx7.1.0/4.6.3 -lgcc -lasound -lpjsua-x86_64-pc-nto-qnx -lpjsip-ua-x86_64-pc-nto-qnx -lpjsip-simple-x86_64-pc-nto-qnx -lpjsip-x86_64-pc-nto-qnx -lpjmedia-codec-x86_64-pc-nto-qnx -lpjmedia-videodev-x86_64-pc-nto-qnx -lpjmedia-audiodev-x86_64-pc-nto-qnx -lpjmedia-x86_64-pc-nto-qnx -lpjnath-x86_64-pc-nto-qnx -lpjlib-util-x86_64-pc-nto-qnx  -lsrtp-x86_64-pc-nto-qnx -lresample-x86_64-pc-nto-qnx -lgsmcodec-x86_64-pc-nto-qnx -lspeex-x86_64-pc-nto-qnx -lilbccodec-x86_64-pc-nto-qnx -lg7221codec-x86_64-pc-nto-qnx -lyuv-x86_64-pc-nto-qnx  -lpj-x86_64-pc-nto-qnx -lm -lsocket  " SAMPLE_EXE=latency APP=SAMPLE app=sample ../bin/samples/x86_64-pc-nto-qnx/latency
make[3]: '../bin/samples/x86_64-pc-nto-qnx/httpdemo' is up to date.
make --no-print-directory -f /home/pankaj/workspace/audio_wrapper/pjproject/build/rules.mak SAMPLE_SRCDIR=../src/samples SAMPLE_OBJS=level.o SAMPLE_CFLAGS="-DPJ_AUTOCONF=1 -fPIC -fPIC -DPJ_CONFIG_QNX=1 -DPJMEDIA_AUDIO_DEV_HAS_QNX=1 -Wno-int-to-pointer-cast -DWEBRTC_DISABLE_CPU_DETECTION -DPJ_IS_BIG_ENDIAN=0 -DPJ_IS_LITTLE_ENDIAN=1                 -I/home/pankaj/workspace/audio_wrapper/pjproject/pjlib/include -I/home/pankaj/workspace/audio_wrapper/pjproject/pjlib-util/include -I/home/pankaj/workspace/audio_wrapper/pjproject/pjnath/include -I/home/pankaj/workspace/audio_wrapper/pjproject/pjmedia/include -I/home/pankaj/workspace/audio_wrapper/pjproject/pjsip/include -fPIC                " SAMPLE_CXXFLAGS="-fPIC -DPJ_AUTOCONF=1 -fPIC -fPIC -DPJ_CONFIG_QNX=1 -DPJMEDIA_AUDIO_DEV_HAS_QNX=1 -Wno-int-to-pointer-cast -DWEBRTC_DISABLE_CPU_DETECTION -DPJ_IS_BIG_ENDIAN=0 -DPJ_IS_LITTLE_ENDIAN=1                 -I/home/pankaj/workspace/audio_wrapper/pjproject/pjlib/include -I/home/pankaj/workspace/audio_wrapper/pjproject/pjlib-util/include -I/home/pankaj/workspace/audio_wrapper/pjproject/pjnath/include -I/home/pankaj/workspace/audio_wrapper/pjproject/pjmedia/include -I/home/pankaj/workspace/audio_wrapper/pjproject/pjsip/include -fPIC                " SAMPLE_LDFLAGS="-L/home/pankaj/workspace/audio_wrapper/pjproject/pjlib/lib -L/home/pankaj/workspace/audio_wrapper/pjproject/pjlib-util/lib -L/home/pankaj/workspace/audio_wrapper/pjproject/pjnath/lib -L/home/pankaj/workspace/audio_wrapper/pjproject/pjmedia/lib -L/home/pankaj/workspace/audio_wrapper/pjproject/pjsip/lib -L/home/pankaj/workspace/audio_wrapper/pjproject/third_party/lib             -L/home/pankaj/qnx710/target/qnx7/x86_64/usr/lib -L/home/pankaj/qnx710/target/qnx7/x86_64/lib -L/home/pankaj/qnx710/host/linux/x86_64/usr/lib/gcc/x86_64-pc-nto-qnx7.1.0/4.6.3 -lgcc -lasound -lpjsua-x86_64-pc-nto-qnx -lpjsip-ua-x86_64-pc-nto-qnx -lpjsip-simple-x86_64-pc-nto-qnx -lpjsip-x86_64-pc-nto-qnx -lpjmedia-codec-x86_64-pc-nto-qnx -lpjmedia-videodev-x86_64-pc-nto-qnx -lpjmedia-audiodev-x86_64-pc-nto-qnx -lpjmedia-x86_64-pc-nto-qnx -lpjnath-x86_64-pc-nto-qnx -lpjlib-util-x86_64-pc-nto-qnx  -lsrtp-x86_64-pc-nto-qnx -lresample-x86_64-pc-nto-qnx -lgsmcodec-x86_64-pc-nto-qnx -lspeex-x86_64-pc-nto-qnx -lilbccodec-x86_64-pc-nto-qnx -lg7221codec-x86_64-pc-nto-qnx -lyuv-x86_64-pc-nto-qnx  -lpj-x86_64-pc-nto-qnx -lm -lsocket  " SAMPLE_EXE=level APP=SAMPLE app=sample ../bin/samples/x86_64-pc-nto-qnx/level
make[3]: '../bin/samples/x86_64-pc-nto-qnx/icedemo' is up to date.
make --no-print-directory -f /home/pankaj/workspace/audio_wrapper/pjproject/build/rules.mak SAMPLE_SRCDIR=../src/samples SAMPLE_OBJS=mix.o SAMPLE_CFLAGS="-DPJ_AUTOCONF=1 -fPIC -fPIC -DPJ_CONFIG_QNX=1 -DPJMEDIA_AUDIO_DEV_HAS_QNX=1 -Wno-int-to-pointer-cast -DWEBRTC_DISABLE_CPU_DETECTION -DPJ_IS_BIG_ENDIAN=0 -DPJ_IS_LITTLE_ENDIAN=1                 -I/home/pankaj/workspace/audio_wrapper/pjproject/pjlib/include -I/home/pankaj/workspace/audio_wrapper/pjproject/pjlib-util/include -I/home/pankaj/workspace/audio_wrapper/pjproject/pjnath/include -I/home/pankaj/workspace/audio_wrapper/pjproject/pjmedia/include -I/home/pankaj/workspace/audio_wrapper/pjproject/pjsip/include -fPIC                " SAMPLE_CXXFLAGS="-fPIC -DPJ_AUTOCONF=1 -fPIC -fPIC -DPJ_CONFIG_QNX=1 -DPJMEDIA_AUDIO_DEV_HAS_QNX=1 -Wno-int-to-pointer-cast -DWEBRTC_DISABLE_CPU_DETECTION -DPJ_IS_BIG_ENDIAN=0 -DPJ_IS_LITTLE_ENDIAN=1                 -I/home/pankaj/workspace/audio_wrapper/pjproject/pjlib/include -I/home/pankaj/workspace/audio_wrapper/pjproject/pjlib-util/include -I/home/pankaj/workspace/audio_wrapper/pjproject/pjnath/include -I/home/pankaj/workspace/audio_wrapper/pjproject/pjmedia/include -I/home/pankaj/workspace/audio_wrapper/pjproject/pjsip/include -fPIC                " SAMPLE_LDFLAGS="-L/home/pankaj/workspace/audio_wrapper/pjproject/pjlib/lib -L/home/pankaj/workspace/audio_wrapper/pjproject/pjlib-util/lib -L/home/pankaj/workspace/audio_wrapper/pjproject/pjnath/lib -L/home/pankaj/workspace/audio_wrapper/pjproject/pjmedia/lib -L/home/pankaj/workspace/audio_wrapper/pjproject/pjsip/lib -L/home/pankaj/workspace/audio_wrapper/pjproject/third_party/lib             -L/home/pankaj/qnx710/target/qnx7/x86_64/usr/lib -L/home/pankaj/qnx710/target/qnx7/x86_64/lib -L/home/pankaj/qnx710/host/linux/x86_64/usr/lib/gcc/x86_64-pc-nto-qnx7.1.0/4.6.3 -lgcc -lasound -lpjsua-x86_64-pc-nto-qnx -lpjsip-ua-x86_64-pc-nto-qnx -lpjsip-simple-x86_64-pc-nto-qnx -lpjsip-x86_64-pc-nto-qnx -lpjmedia-codec-x86_64-pc-nto-qnx -lpjmedia-videodev-x86_64-pc-nto-qnx -lpjmedia-audiodev-x86_64-pc-nto-qnx -lpjmedia-x86_64-pc-nto-qnx -lpjnath-x86_64-pc-nto-qnx -lpjlib-util-x86_64-pc-nto-qnx  -lsrtp-x86_64-pc-nto-qnx -lresample-x86_64-pc-nto-qnx -lgsmcodec-x86_64-pc-nto-qnx -lspeex-x86_64-pc-nto-qnx -lilbccodec-x86_64-pc-nto-qnx -lg7221codec-x86_64-pc-nto-qnx -lyuv-x86_64-pc-nto-qnx  -lpj-x86_64-pc-nto-qnx -lm -lsocket  " SAMPLE_EXE=mix APP=SAMPLE app=sample ../bin/samples/x86_64-pc-nto-qnx/mix
make[3]: '../bin/samples/x86_64-pc-nto-qnx/jbsim' is up to date.
make --no-print-directory -f /home/pankaj/workspace/audio_wrapper/pjproject/build/rules.mak SAMPLE_SRCDIR=../src/samples SAMPLE_OBJS=pjsip-perf.o SAMPLE_CFLAGS="-DPJ_AUTOCONF=1 -fPIC -fPIC -DPJ_CONFIG_QNX=1 -DPJMEDIA_AUDIO_DEV_HAS_QNX=1 -Wno-int-to-pointer-cast -DWEBRTC_DISABLE_CPU_DETECTION -DPJ_IS_BIG_ENDIAN=0 -DPJ_IS_LITTLE_ENDIAN=1                 -I/home/pankaj/workspace/audio_wrapper/pjproject/pjlib/include -I/home/pankaj/workspace/audio_wrapper/pjproject/pjlib-util/include -I/home/pankaj/workspace/audio_wrapper/pjproject/pjnath/include -I/home/pankaj/workspace/audio_wrapper/pjproject/pjmedia/include -I/home/pankaj/workspace/audio_wrapper/pjproject/pjsip/include -fPIC                " SAMPLE_CXXFLAGS="-fPIC -DPJ_AUTOCONF=1 -fPIC -fPIC -DPJ_CONFIG_QNX=1 -DPJMEDIA_AUDIO_DEV_HAS_QNX=1 -Wno-int-to-pointer-cast -DWEBRTC_DISABLE_CPU_DETECTION -DPJ_IS_BIG_ENDIAN=0 -DPJ_IS_LITTLE_ENDIAN=1                 -I/home/pankaj/workspace/audio_wrapper/pjproject/pjlib/include -I/home/pankaj/workspace/audio_wrapper/pjproject/pjlib-util/include -I/home/pankaj/workspace/audio_wrapper/pjproject/pjnath/include -I/home/pankaj/workspace/audio_wrapper/pjproject/pjmedia/include -I/home/pankaj/workspace/audio_wrapper/pjproject/pjsip/include -fPIC                " SAMPLE_LDFLAGS="-L/home/pankaj/workspace/audio_wrapper/pjproject/pjlib/lib -L/home/pankaj/workspace/audio_wrapper/pjproject/pjlib-util/lib -L/home/pankaj/workspace/audio_wrapper/pjproject/pjnath/lib -L/home/pankaj/workspace/audio_wrapper/pjproject/pjmedia/lib -L/home/pankaj/workspace/audio_wrapper/pjproject/pjsip/lib -L/home/pankaj/workspace/audio_wrapper/pjproject/third_party/lib             -L/home/pankaj/qnx710/target/qnx7/x86_64/usr/lib -L/home/pankaj/qnx710/target/qnx7/x86_64/lib -L/home/pankaj/qnx710/host/linux/x86_64/usr/lib/gcc/x86_64-pc-nto-qnx7.1.0/4.6.3 -lgcc -lasound -lpjsua-x86_64-pc-nto-qnx -lpjsip-ua-x86_64-pc-nto-qnx -lpjsip-simple-x86_64-pc-nto-qnx -lpjsip-x86_64-pc-nto-qnx -lpjmedia-codec-x86_64-pc-nto-qnx -lpjmedia-videodev-x86_64-pc-nto-qnx -lpjmedia-audiodev-x86_64-pc-nto-qnx -lpjmedia-x86_64-pc-nto-qnx -lpjnath-x86_64-pc-nto-qnx -lpjlib-util-x86_64-pc-nto-qnx  -lsrtp-x86_64-pc-nto-qnx -lresample-x86_64-pc-nto-qnx -lgsmcodec-x86_64-pc-nto-qnx -lspeex-x86_64-pc-nto-qnx -lilbccodec-x86_64-pc-nto-qnx -lg7221codec-x86_64-pc-nto-qnx -lyuv-x86_64-pc-nto-qnx  -lpj-x86_64-pc-nto-qnx -lm -lsocket  " SAMPLE_EXE=pjsip-perf APP=SAMPLE app=sample ../bin/samples/x86_64-pc-nto-qnx/pjsip-perf
make --no-print-directory -f /home/pankaj/workspace/audio_wrapper/pjproject/build/rules.mak SAMPLE_SRCDIR=../src/samples SAMPLE_OBJS=pcaputil.o SAMPLE_CFLAGS="-DPJ_AUTOCONF=1 -fPIC -fPIC -DPJ_CONFIG_QNX=1 -DPJMEDIA_AUDIO_DEV_HAS_QNX=1 -Wno-int-to-pointer-cast -DWEBRTC_DISABLE_CPU_DETECTION -DPJ_IS_BIG_ENDIAN=0 -DPJ_IS_LITTLE_ENDIAN=1                 -I/home/pankaj/workspace/audio_wrapper/pjproject/pjlib/include -I/home/pankaj/workspace/audio_wrapper/pjproject/pjlib-util/include -I/home/pankaj/workspace/audio_wrapper/pjproject/pjnath/include -I/home/pankaj/workspace/audio_wrapper/pjproject/pjmedia/include -I/home/pankaj/workspace/audio_wrapper/pjproject/pjsip/include -fPIC                " SAMPLE_CXXFLAGS="-fPIC -DPJ_AUTOCONF=1 -fPIC -fPIC -DPJ_CONFIG_QNX=1 -DPJMEDIA_AUDIO_DEV_HAS_QNX=1 -Wno-int-to-pointer-cast -DWEBRTC_DISABLE_CPU_DETECTION -DPJ_IS_BIG_ENDIAN=0 -DPJ_IS_LITTLE_ENDIAN=1                 -I/home/pankaj/workspace/audio_wrapper/pjproject/pjlib/include -I/home/pankaj/workspace/audio_wrapper/pjproject/pjlib-util/include -I/home/pankaj/workspace/audio_wrapper/pjproject/pjnath/include -I/home/pankaj/workspace/audio_wrapper/pjproject/pjmedia/include -I/home/pankaj/workspace/audio_wrapper/pjproject/pjsip/include -fPIC                " SAMPLE_LDFLAGS="-L/home/pankaj/workspace/audio_wrapper/pjproject/pjlib/lib -L/home/pankaj/workspace/audio_wrapper/pjproject/pjlib-util/lib -L/home/pankaj/workspace/audio_wrapper/pjproject/pjnath/lib -L/home/pankaj/workspace/audio_wrapper/pjproject/pjmedia/lib -L/home/pankaj/workspace/audio_wrapper/pjproject/pjsip/lib -L/home/pankaj/workspace/audio_wrapper/pjproject/third_party/lib             -L/home/pankaj/qnx710/target/qnx7/x86_64/usr/lib -L/home/pankaj/qnx710/target/qnx7/x86_64/lib -L/home/pankaj/qnx710/host/linux/x86_64/usr/lib/gcc/x86_64-pc-nto-qnx7.1.0/4.6.3 -lgcc -lasound -lpjsua-x86_64-pc-nto-qnx -lpjsip-ua-x86_64-pc-nto-qnx -lpjsip-simple-x86_64-pc-nto-qnx -lpjsip-x86_64-pc-nto-qnx -lpjmedia-codec-x86_64-pc-nto-qnx -lpjmedia-videodev-x86_64-pc-nto-qnx -lpjmedia-audiodev-x86_64-pc-nto-qnx -lpjmedia-x86_64-pc-nto-qnx -lpjnath-x86_64-pc-nto-qnx -lpjlib-util-x86_64-pc-nto-qnx  -lsrtp-x86_64-pc-nto-qnx -lresample-x86_64-pc-nto-qnx -lgsmcodec-x86_64-pc-nto-qnx -lspeex-x86_64-pc-nto-qnx -lilbccodec-x86_64-pc-nto-qnx -lg7221codec-x86_64-pc-nto-qnx -lyuv-x86_64-pc-nto-qnx  -lpj-x86_64-pc-nto-qnx -lm -lsocket  " SAMPLE_EXE=pcaputil APP=SAMPLE app=sample ../bin/samples/x86_64-pc-nto-qnx/pcaputil
make --no-print-directory -f /home/pankaj/workspace/audio_wrapper/pjproject/build/rules.mak SAMPLE_SRCDIR=../src/samples SAMPLE_OBJS=playfile.o SAMPLE_CFLAGS="-DPJ_AUTOCONF=1 -fPIC -fPIC -DPJ_CONFIG_QNX=1 -DPJMEDIA_AUDIO_DEV_HAS_QNX=1 -Wno-int-to-pointer-cast -DWEBRTC_DISABLE_CPU_DETECTION -DPJ_IS_BIG_ENDIAN=0 -DPJ_IS_LITTLE_ENDIAN=1                 -I/home/pankaj/workspace/audio_wrapper/pjproject/pjlib/include -I/home/pankaj/workspace/audio_wrapper/pjproject/pjlib-util/include -I/home/pankaj/workspace/audio_wrapper/pjproject/pjnath/include -I/home/pankaj/workspace/audio_wrapper/pjproject/pjmedia/include -I/home/pankaj/workspace/audio_wrapper/pjproject/pjsip/include -fPIC                " SAMPLE_CXXFLAGS="-fPIC -DPJ_AUTOCONF=1 -fPIC -fPIC -DPJ_CONFIG_QNX=1 -DPJMEDIA_AUDIO_DEV_HAS_QNX=1 -Wno-int-to-pointer-cast -DWEBRTC_DISABLE_CPU_DETECTION -DPJ_IS_BIG_ENDIAN=0 -DPJ_IS_LITTLE_ENDIAN=1                 -I/home/pankaj/workspace/audio_wrapper/pjproject/pjlib/include -I/home/pankaj/workspace/audio_wrapper/pjproject/pjlib-util/include -I/home/pankaj/workspace/audio_wrapper/pjproject/pjnath/include -I/home/pankaj/workspace/audio_wrapper/pjproject/pjmedia/include -I/home/pankaj/workspace/audio_wrapper/pjproject/pjsip/include -fPIC                " SAMPLE_LDFLAGS="-L/home/pankaj/workspace/audio_wrapper/pjproject/pjlib/lib -L/home/pankaj/workspace/audio_wrapper/pjproject/pjlib-util/lib -L/home/pankaj/workspace/audio_wrapper/pjproject/pjnath/lib -L/home/pankaj/workspace/audio_wrapper/pjproject/pjmedia/lib -L/home/pankaj/workspace/audio_wrapper/pjproject/pjsip/lib -L/home/pankaj/workspace/audio_wrapper/pjproject/third_party/lib             -L/home/pankaj/qnx710/target/qnx7/x86_64/usr/lib -L/home/pankaj/qnx710/target/qnx7/x86_64/lib -L/home/pankaj/qnx710/host/linux/x86_64/usr/lib/gcc/x86_64-pc-nto-qnx7.1.0/4.6.3 -lgcc -lasound -lpjsua-x86_64-pc-nto-qnx -lpjsip-ua-x86_64-pc-nto-qnx -lpjsip-simple-x86_64-pc-nto-qnx -lpjsip-x86_64-pc-nto-qnx -lpjmedia-codec-x86_64-pc-nto-qnx -lpjmedia-videodev-x86_64-pc-nto-qnx -lpjmedia-audiodev-x86_64-pc-nto-qnx -lpjmedia-x86_64-pc-nto-qnx -lpjnath-x86_64-pc-nto-qnx -lpjlib-util-x86_64-pc-nto-qnx  -lsrtp-x86_64-pc-nto-qnx -lresample-x86_64-pc-nto-qnx -lgsmcodec-x86_64-pc-nto-qnx -lspeex-x86_64-pc-nto-qnx -lilbccodec-x86_64-pc-nto-qnx -lg7221codec-x86_64-pc-nto-qnx -lyuv-x86_64-pc-nto-qnx  -lpj-x86_64-pc-nto-qnx -lm -lsocket  " SAMPLE_EXE=playfile APP=SAMPLE app=sample ../bin/samples/x86_64-pc-nto-qnx/playfile
make[3]: '../bin/samples/x86_64-pc-nto-qnx/latency' is up to date.
make[3]: '../bin/samples/x86_64-pc-nto-qnx/level' is up to date.
make --no-print-directory -f /home/pankaj/workspace/audio_wrapper/pjproject/build/rules.mak SAMPLE_SRCDIR=../src/samples SAMPLE_OBJS=playsine.o SAMPLE_CFLAGS="-DPJ_AUTOCONF=1 -fPIC -fPIC -DPJ_CONFIG_QNX=1 -DPJMEDIA_AUDIO_DEV_HAS_QNX=1 -Wno-int-to-pointer-cast -DWEBRTC_DISABLE_CPU_DETECTION -DPJ_IS_BIG_ENDIAN=0 -DPJ_IS_LITTLE_ENDIAN=1                 -I/home/pankaj/workspace/audio_wrapper/pjproject/pjlib/include -I/home/pankaj/workspace/audio_wrapper/pjproject/pjlib-util/include -I/home/pankaj/workspace/audio_wrapper/pjproject/pjnath/include -I/home/pankaj/workspace/audio_wrapper/pjproject/pjmedia/include -I/home/pankaj/workspace/audio_wrapper/pjproject/pjsip/include -fPIC                " SAMPLE_CXXFLAGS="-fPIC -DPJ_AUTOCONF=1 -fPIC -fPIC -DPJ_CONFIG_QNX=1 -DPJMEDIA_AUDIO_DEV_HAS_QNX=1 -Wno-int-to-pointer-cast -DWEBRTC_DISABLE_CPU_DETECTION -DPJ_IS_BIG_ENDIAN=0 -DPJ_IS_LITTLE_ENDIAN=1                 -I/home/pankaj/workspace/audio_wrapper/pjproject/pjlib/include -I/home/pankaj/workspace/audio_wrapper/pjproject/pjlib-util/include -I/home/pankaj/workspace/audio_wrapper/pjproject/pjnath/include -I/home/pankaj/workspace/audio_wrapper/pjproject/pjmedia/include -I/home/pankaj/workspace/audio_wrapper/pjproject/pjsip/include -fPIC                " SAMPLE_LDFLAGS="-L/home/pankaj/workspace/audio_wrapper/pjproject/pjlib/lib -L/home/pankaj/workspace/audio_wrapper/pjproject/pjlib-util/lib -L/home/pankaj/workspace/audio_wrapper/pjproject/pjnath/lib -L/home/pankaj/workspace/audio_wrapper/pjproject/pjmedia/lib -L/home/pankaj/workspace/audio_wrapper/pjproject/pjsip/lib -L/home/pankaj/workspace/audio_wrapper/pjproject/third_party/lib             -L/home/pankaj/qnx710/target/qnx7/x86_64/usr/lib -L/home/pankaj/qnx710/target/qnx7/x86_64/lib -L/home/pankaj/qnx710/host/linux/x86_64/usr/lib/gcc/x86_64-pc-nto-qnx7.1.0/4.6.3 -lgcc -lasound -lpjsua-x86_64-pc-nto-qnx -lpjsip-ua-x86_64-pc-nto-qnx -lpjsip-simple-x86_64-pc-nto-qnx -lpjsip-x86_64-pc-nto-qnx -lpjmedia-codec-x86_64-pc-nto-qnx -lpjmedia-videodev-x86_64-pc-nto-qnx -lpjmedia-audiodev-x86_64-pc-nto-qnx -lpjmedia-x86_64-pc-nto-qnx -lpjnath-x86_64-pc-nto-qnx -lpjlib-util-x86_64-pc-nto-qnx  -lsrtp-x86_64-pc-nto-qnx -lresample-x86_64-pc-nto-qnx -lgsmcodec-x86_64-pc-nto-qnx -lspeex-x86_64-pc-nto-qnx -lilbccodec-x86_64-pc-nto-qnx -lg7221codec-x86_64-pc-nto-qnx -lyuv-x86_64-pc-nto-qnx  -lpj-x86_64-pc-nto-qnx -lm -lsocket  " SAMPLE_EXE=playsine APP=SAMPLE app=sample ../bin/samples/x86_64-pc-nto-qnx/playsine
make --no-print-directory -f /home/pankaj/workspace/audio_wrapper/pjproject/build/rules.mak SAMPLE_SRCDIR=../src/samples SAMPLE_OBJS=recfile.o SAMPLE_CFLAGS="-DPJ_AUTOCONF=1 -fPIC -fPIC -DPJ_CONFIG_QNX=1 -DPJMEDIA_AUDIO_DEV_HAS_QNX=1 -Wno-int-to-pointer-cast -DWEBRTC_DISABLE_CPU_DETECTION -DPJ_IS_BIG_ENDIAN=0 -DPJ_IS_LITTLE_ENDIAN=1                 -I/home/pankaj/workspace/audio_wrapper/pjproject/pjlib/include -I/home/pankaj/workspace/audio_wrapper/pjproject/pjlib-util/include -I/home/pankaj/workspace/audio_wrapper/pjproject/pjnath/include -I/home/pankaj/workspace/audio_wrapper/pjproject/pjmedia/include -I/home/pankaj/workspace/audio_wrapper/pjproject/pjsip/include -fPIC                " SAMPLE_CXXFLAGS="-fPIC -DPJ_AUTOCONF=1 -fPIC -fPIC -DPJ_CONFIG_QNX=1 -DPJMEDIA_AUDIO_DEV_HAS_QNX=1 -Wno-int-to-pointer-cast -DWEBRTC_DISABLE_CPU_DETECTION -DPJ_IS_BIG_ENDIAN=0 -DPJ_IS_LITTLE_ENDIAN=1                 -I/home/pankaj/workspace/audio_wrapper/pjproject/pjlib/include -I/home/pankaj/workspace/audio_wrapper/pjproject/pjlib-util/include -I/home/pankaj/workspace/audio_wrapper/pjproject/pjnath/include -I/home/pankaj/workspace/audio_wrapper/pjproject/pjmedia/include -I/home/pankaj/workspace/audio_wrapper/pjproject/pjsip/include -fPIC                " SAMPLE_LDFLAGS="-L/home/pankaj/workspace/audio_wrapper/pjproject/pjlib/lib -L/home/pankaj/workspace/audio_wrapper/pjproject/pjlib-util/lib -L/home/pankaj/workspace/audio_wrapper/pjproject/pjnath/lib -L/home/pankaj/workspace/audio_wrapper/pjproject/pjmedia/lib -L/home/pankaj/workspace/audio_wrapper/pjproject/pjsip/lib -L/home/pankaj/workspace/audio_wrapper/pjproject/third_party/lib             -L/home/pankaj/qnx710/target/qnx7/x86_64/usr/lib -L/home/pankaj/qnx710/target/qnx7/x86_64/lib -L/home/pankaj/qnx710/host/linux/x86_64/usr/lib/gcc/x86_64-pc-nto-qnx7.1.0/4.6.3 -lgcc -lasound -lpjsua-x86_64-pc-nto-qnx -lpjsip-ua-x86_64-pc-nto-qnx -lpjsip-simple-x86_64-pc-nto-qnx -lpjsip-x86_64-pc-nto-qnx -lpjmedia-codec-x86_64-pc-nto-qnx -lpjmedia-videodev-x86_64-pc-nto-qnx -lpjmedia-audiodev-x86_64-pc-nto-qnx -lpjmedia-x86_64-pc-nto-qnx -lpjnath-x86_64-pc-nto-qnx -lpjlib-util-x86_64-pc-nto-qnx  -lsrtp-x86_64-pc-nto-qnx -lresample-x86_64-pc-nto-qnx -lgsmcodec-x86_64-pc-nto-qnx -lspeex-x86_64-pc-nto-qnx -lilbccodec-x86_64-pc-nto-qnx -lg7221codec-x86_64-pc-nto-qnx -lyuv-x86_64-pc-nto-qnx  -lpj-x86_64-pc-nto-qnx -lm -lsocket  " SAMPLE_EXE=recfile APP=SAMPLE app=sample ../bin/samples/x86_64-pc-nto-qnx/recfile
make[3]: '../bin/samples/x86_64-pc-nto-qnx/mix' is up to date.
make[3]: '../bin/samples/x86_64-pc-nto-qnx/pjsip-perf' is up to date.
make --no-print-directory -f /home/pankaj/workspace/audio_wrapper/pjproject/build/rules.mak SAMPLE_SRCDIR=../src/samples SAMPLE_OBJS=resampleplay.o SAMPLE_CFLAGS="-DPJ_AUTOCONF=1 -fPIC -fPIC -DPJ_CONFIG_QNX=1 -DPJMEDIA_AUDIO_DEV_HAS_QNX=1 -Wno-int-to-pointer-cast -DWEBRTC_DISABLE_CPU_DETECTION -DPJ_IS_BIG_ENDIAN=0 -DPJ_IS_LITTLE_ENDIAN=1                 -I/home/pankaj/workspace/audio_wrapper/pjproject/pjlib/include -I/home/pankaj/workspace/audio_wrapper/pjproject/pjlib-util/include -I/home/pankaj/workspace/audio_wrapper/pjproject/pjnath/include -I/home/pankaj/workspace/audio_wrapper/pjproject/pjmedia/include -I/home/pankaj/workspace/audio_wrapper/pjproject/pjsip/include -fPIC                " SAMPLE_CXXFLAGS="-fPIC -DPJ_AUTOCONF=1 -fPIC -fPIC -DPJ_CONFIG_QNX=1 -DPJMEDIA_AUDIO_DEV_HAS_QNX=1 -Wno-int-to-pointer-cast -DWEBRTC_DISABLE_CPU_DETECTION -DPJ_IS_BIG_ENDIAN=0 -DPJ_IS_LITTLE_ENDIAN=1                 -I/home/pankaj/workspace/audio_wrapper/pjproject/pjlib/include -I/home/pankaj/workspace/audio_wrapper/pjproject/pjlib-util/include -I/home/pankaj/workspace/audio_wrapper/pjproject/pjnath/include -I/home/pankaj/workspace/audio_wrapper/pjproject/pjmedia/include -I/home/pankaj/workspace/audio_wrapper/pjproject/pjsip/include -fPIC                " SAMPLE_LDFLAGS="-L/home/pankaj/workspace/audio_wrapper/pjproject/pjlib/lib -L/home/pankaj/workspace/audio_wrapper/pjproject/pjlib-util/lib -L/home/pankaj/workspace/audio_wrapper/pjproject/pjnath/lib -L/home/pankaj/workspace/audio_wrapper/pjproject/pjmedia/lib -L/home/pankaj/workspace/audio_wrapper/pjproject/pjsip/lib -L/home/pankaj/workspace/audio_wrapper/pjproject/third_party/lib             -L/home/pankaj/qnx710/target/qnx7/x86_64/usr/lib -L/home/pankaj/qnx710/target/qnx7/x86_64/lib -L/home/pankaj/qnx710/host/linux/x86_64/usr/lib/gcc/x86_64-pc-nto-qnx7.1.0/4.6.3 -lgcc -lasound -lpjsua-x86_64-pc-nto-qnx -lpjsip-ua-x86_64-pc-nto-qnx -lpjsip-simple-x86_64-pc-nto-qnx -lpjsip-x86_64-pc-nto-qnx -lpjmedia-codec-x86_64-pc-nto-qnx -lpjmedia-videodev-x86_64-pc-nto-qnx -lpjmedia-audiodev-x86_64-pc-nto-qnx -lpjmedia-x86_64-pc-nto-qnx -lpjnath-x86_64-pc-nto-qnx -lpjlib-util-x86_64-pc-nto-qnx  -lsrtp-x86_64-pc-nto-qnx -lresample-x86_64-pc-nto-qnx -lgsmcodec-x86_64-pc-nto-qnx -lspeex-x86_64-pc-nto-qnx -lilbccodec-x86_64-pc-nto-qnx -lg7221codec-x86_64-pc-nto-qnx -lyuv-x86_64-pc-nto-qnx  -lpj-x86_64-pc-nto-qnx -lm -lsocket  " SAMPLE_EXE=resampleplay APP=SAMPLE app=sample ../bin/samples/x86_64-pc-nto-qnx/resampleplay
make[3]: '../bin/samples/x86_64-pc-nto-qnx/pcaputil' is up to date.
make --no-print-directory -f /home/pankaj/workspace/audio_wrapper/pjproject/build/rules.mak SAMPLE_SRCDIR=../src/samples SAMPLE_OBJS=simpleua.o SAMPLE_CFLAGS="-DPJ_AUTOCONF=1 -fPIC -fPIC -DPJ_CONFIG_QNX=1 -DPJMEDIA_AUDIO_DEV_HAS_QNX=1 -Wno-int-to-pointer-cast -DWEBRTC_DISABLE_CPU_DETECTION -DPJ_IS_BIG_ENDIAN=0 -DPJ_IS_LITTLE_ENDIAN=1                 -I/home/pankaj/workspace/audio_wrapper/pjproject/pjlib/include -I/home/pankaj/workspace/audio_wrapper/pjproject/pjlib-util/include -I/home/pankaj/workspace/audio_wrapper/pjproject/pjnath/include -I/home/pankaj/workspace/audio_wrapper/pjproject/pjmedia/include -I/home/pankaj/workspace/audio_wrapper/pjproject/pjsip/include -fPIC                " SAMPLE_CXXFLAGS="-fPIC -DPJ_AUTOCONF=1 -fPIC -fPIC -DPJ_CONFIG_QNX=1 -DPJMEDIA_AUDIO_DEV_HAS_QNX=1 -Wno-int-to-pointer-cast -DWEBRTC_DISABLE_CPU_DETECTION -DPJ_IS_BIG_ENDIAN=0 -DPJ_IS_LITTLE_ENDIAN=1                 -I/home/pankaj/workspace/audio_wrapper/pjproject/pjlib/include -I/home/pankaj/workspace/audio_wrapper/pjproject/pjlib-util/include -I/home/pankaj/workspace/audio_wrapper/pjproject/pjnath/include -I/home/pankaj/workspace/audio_wrapper/pjproject/pjmedia/include -I/home/pankaj/workspace/audio_wrapper/pjproject/pjsip/include -fPIC                " SAMPLE_LDFLAGS="-L/home/pankaj/workspace/audio_wrapper/pjproject/pjlib/lib -L/home/pankaj/workspace/audio_wrapper/pjproject/pjlib-util/lib -L/home/pankaj/workspace/audio_wrapper/pjproject/pjnath/lib -L/home/pankaj/workspace/audio_wrapper/pjproject/pjmedia/lib -L/home/pankaj/workspace/audio_wrapper/pjproject/pjsip/lib -L/home/pankaj/workspace/audio_wrapper/pjproject/third_party/lib             -L/home/pankaj/qnx710/target/qnx7/x86_64/usr/lib -L/home/pankaj/qnx710/target/qnx7/x86_64/lib -L/home/pankaj/qnx710/host/linux/x86_64/usr/lib/gcc/x86_64-pc-nto-qnx7.1.0/4.6.3 -lgcc -lasound -lpjsua-x86_64-pc-nto-qnx -lpjsip-ua-x86_64-pc-nto-qnx -lpjsip-simple-x86_64-pc-nto-qnx -lpjsip-x86_64-pc-nto-qnx -lpjmedia-codec-x86_64-pc-nto-qnx -lpjmedia-videodev-x86_64-pc-nto-qnx -lpjmedia-audiodev-x86_64-pc-nto-qnx -lpjmedia-x86_64-pc-nto-qnx -lpjnath-x86_64-pc-nto-qnx -lpjlib-util-x86_64-pc-nto-qnx  -lsrtp-x86_64-pc-nto-qnx -lresample-x86_64-pc-nto-qnx -lgsmcodec-x86_64-pc-nto-qnx -lspeex-x86_64-pc-nto-qnx -lilbccodec-x86_64-pc-nto-qnx -lg7221codec-x86_64-pc-nto-qnx -lyuv-x86_64-pc-nto-qnx  -lpj-x86_64-pc-nto-qnx -lm -lsocket  " SAMPLE_EXE=simpleua APP=SAMPLE app=sample ../bin/samples/x86_64-pc-nto-qnx/simpleua
make --no-print-directory -f /home/pankaj/workspace/audio_wrapper/pjproject/build/rules.mak SAMPLE_SRCDIR=../src/samples SAMPLE_OBJS=simple_pjsua.o SAMPLE_CFLAGS="-DPJ_AUTOCONF=1 -fPIC -fPIC -DPJ_CONFIG_QNX=1 -DPJMEDIA_AUDIO_DEV_HAS_QNX=1 -Wno-int-to-pointer-cast -DWEBRTC_DISABLE_CPU_DETECTION -DPJ_IS_BIG_ENDIAN=0 -DPJ_IS_LITTLE_ENDIAN=1                 -I/home/pankaj/workspace/audio_wrapper/pjproject/pjlib/include -I/home/pankaj/workspace/audio_wrapper/pjproject/pjlib-util/include -I/home/pankaj/workspace/audio_wrapper/pjproject/pjnath/include -I/home/pankaj/workspace/audio_wrapper/pjproject/pjmedia/include -I/home/pankaj/workspace/audio_wrapper/pjproject/pjsip/include -fPIC                " SAMPLE_CXXFLAGS="-fPIC -DPJ_AUTOCONF=1 -fPIC -fPIC -DPJ_CONFIG_QNX=1 -DPJMEDIA_AUDIO_DEV_HAS_QNX=1 -Wno-int-to-pointer-cast -DWEBRTC_DISABLE_CPU_DETECTION -DPJ_IS_BIG_ENDIAN=0 -DPJ_IS_LITTLE_ENDIAN=1                 -I/home/pankaj/workspace/audio_wrapper/pjproject/pjlib/include -I/home/pankaj/workspace/audio_wrapper/pjproject/pjlib-util/include -I/home/pankaj/workspace/audio_wrapper/pjproject/pjnath/include -I/home/pankaj/workspace/audio_wrapper/pjproject/pjmedia/include -I/home/pankaj/workspace/audio_wrapper/pjproject/pjsip/include -fPIC                " SAMPLE_LDFLAGS="-L/home/pankaj/workspace/audio_wrapper/pjproject/pjlib/lib -L/home/pankaj/workspace/audio_wrapper/pjproject/pjlib-util/lib -L/home/pankaj/workspace/audio_wrapper/pjproject/pjnath/lib -L/home/pankaj/workspace/audio_wrapper/pjproject/pjmedia/lib -L/home/pankaj/workspace/audio_wrapper/pjproject/pjsip/lib -L/home/pankaj/workspace/audio_wrapper/pjproject/third_party/lib             -L/home/pankaj/qnx710/target/qnx7/x86_64/usr/lib -L/home/pankaj/qnx710/target/qnx7/x86_64/lib -L/home/pankaj/qnx710/host/linux/x86_64/usr/lib/gcc/x86_64-pc-nto-qnx7.1.0/4.6.3 -lgcc -lasound -lpjsua-x86_64-pc-nto-qnx -lpjsip-ua-x86_64-pc-nto-qnx -lpjsip-simple-x86_64-pc-nto-qnx -lpjsip-x86_64-pc-nto-qnx -lpjmedia-codec-x86_64-pc-nto-qnx -lpjmedia-videodev-x86_64-pc-nto-qnx -lpjmedia-audiodev-x86_64-pc-nto-qnx -lpjmedia-x86_64-pc-nto-qnx -lpjnath-x86_64-pc-nto-qnx -lpjlib-util-x86_64-pc-nto-qnx  -lsrtp-x86_64-pc-nto-qnx -lresample-x86_64-pc-nto-qnx -lgsmcodec-x86_64-pc-nto-qnx -lspeex-x86_64-pc-nto-qnx -lilbccodec-x86_64-pc-nto-qnx -lg7221codec-x86_64-pc-nto-qnx -lyuv-x86_64-pc-nto-qnx  -lpj-x86_64-pc-nto-qnx -lm -lsocket  " SAMPLE_EXE=simple_pjsua APP=SAMPLE app=sample ../bin/samples/x86_64-pc-nto-qnx/simple_pjsua
make[3]: '../bin/samples/x86_64-pc-nto-qnx/playfile' is up to date.
make --no-print-directory -f /home/pankaj/workspace/audio_wrapper/pjproject/build/rules.mak SAMPLE_SRCDIR=../src/samples SAMPLE_OBJS=sipecho.o SAMPLE_CFLAGS="-DPJ_AUTOCONF=1 -fPIC -fPIC -DPJ_CONFIG_QNX=1 -DPJMEDIA_AUDIO_DEV_HAS_QNX=1 -Wno-int-to-pointer-cast -DWEBRTC_DISABLE_CPU_DETECTION -DPJ_IS_BIG_ENDIAN=0 -DPJ_IS_LITTLE_ENDIAN=1                 -I/home/pankaj/workspace/audio_wrapper/pjproject/pjlib/include -I/home/pankaj/workspace/audio_wrapper/pjproject/pjlib-util/include -I/home/pankaj/workspace/audio_wrapper/pjproject/pjnath/include -I/home/pankaj/workspace/audio_wrapper/pjproject/pjmedia/include -I/home/pankaj/workspace/audio_wrapper/pjproject/pjsip/include -fPIC                " SAMPLE_CXXFLAGS="-fPIC -DPJ_AUTOCONF=1 -fPIC -fPIC -DPJ_CONFIG_QNX=1 -DPJMEDIA_AUDIO_DEV_HAS_QNX=1 -Wno-int-to-pointer-cast -DWEBRTC_DISABLE_CPU_DETECTION -DPJ_IS_BIG_ENDIAN=0 -DPJ_IS_LITTLE_ENDIAN=1                 -I/home/pankaj/workspace/audio_wrapper/pjproject/pjlib/include -I/home/pankaj/workspace/audio_wrapper/pjproject/pjlib-util/include -I/home/pankaj/workspace/audio_wrapper/pjproject/pjnath/include -I/home/pankaj/workspace/audio_wrapper/pjproject/pjmedia/include -I/home/pankaj/workspace/audio_wrapper/pjproject/pjsip/include -fPIC                " SAMPLE_LDFLAGS="-L/home/pankaj/workspace/audio_wrapper/pjproject/pjlib/lib -L/home/pankaj/workspace/audio_wrapper/pjproject/pjlib-util/lib -L/home/pankaj/workspace/audio_wrapper/pjproject/pjnath/lib -L/home/pankaj/workspace/audio_wrapper/pjproject/pjmedia/lib -L/home/pankaj/workspace/audio_wrapper/pjproject/pjsip/lib -L/home/pankaj/workspace/audio_wrapper/pjproject/third_party/lib             -L/home/pankaj/qnx710/target/qnx7/x86_64/usr/lib -L/home/pankaj/qnx710/target/qnx7/x86_64/lib -L/home/pankaj/qnx710/host/linux/x86_64/usr/lib/gcc/x86_64-pc-nto-qnx7.1.0/4.6.3 -lgcc -lasound -lpjsua-x86_64-pc-nto-qnx -lpjsip-ua-x86_64-pc-nto-qnx -lpjsip-simple-x86_64-pc-nto-qnx -lpjsip-x86_64-pc-nto-qnx -lpjmedia-codec-x86_64-pc-nto-qnx -lpjmedia-videodev-x86_64-pc-nto-qnx -lpjmedia-audiodev-x86_64-pc-nto-qnx -lpjmedia-x86_64-pc-nto-qnx -lpjnath-x86_64-pc-nto-qnx -lpjlib-util-x86_64-pc-nto-qnx  -lsrtp-x86_64-pc-nto-qnx -lresample-x86_64-pc-nto-qnx -lgsmcodec-x86_64-pc-nto-qnx -lspeex-x86_64-pc-nto-qnx -lilbccodec-x86_64-pc-nto-qnx -lg7221codec-x86_64-pc-nto-qnx -lyuv-x86_64-pc-nto-qnx  -lpj-x86_64-pc-nto-qnx -lm -lsocket  " SAMPLE_EXE=sipecho APP=SAMPLE app=sample ../bin/samples/x86_64-pc-nto-qnx/sipecho
make[3]: '../bin/samples/x86_64-pc-nto-qnx/playsine' is up to date.
make --no-print-directory -f /home/pankaj/workspace/audio_wrapper/pjproject/build/rules.mak SAMPLE_SRCDIR=../src/samples SAMPLE_OBJS=siprtp.o SAMPLE_CFLAGS="-DPJ_AUTOCONF=1 -fPIC -fPIC -DPJ_CONFIG_QNX=1 -DPJMEDIA_AUDIO_DEV_HAS_QNX=1 -Wno-int-to-pointer-cast -DWEBRTC_DISABLE_CPU_DETECTION -DPJ_IS_BIG_ENDIAN=0 -DPJ_IS_LITTLE_ENDIAN=1                 -I/home/pankaj/workspace/audio_wrapper/pjproject/pjlib/include -I/home/pankaj/workspace/audio_wrapper/pjproject/pjlib-util/include -I/home/pankaj/workspace/audio_wrapper/pjproject/pjnath/include -I/home/pankaj/workspace/audio_wrapper/pjproject/pjmedia/include -I/home/pankaj/workspace/audio_wrapper/pjproject/pjsip/include -fPIC                " SAMPLE_CXXFLAGS="-fPIC -DPJ_AUTOCONF=1 -fPIC -fPIC -DPJ_CONFIG_QNX=1 -DPJMEDIA_AUDIO_DEV_HAS_QNX=1 -Wno-int-to-pointer-cast -DWEBRTC_DISABLE_CPU_DETECTION -DPJ_IS_BIG_ENDIAN=0 -DPJ_IS_LITTLE_ENDIAN=1                 -I/home/pankaj/workspace/audio_wrapper/pjproject/pjlib/include -I/home/pankaj/workspace/audio_wrapper/pjproject/pjlib-util/include -I/home/pankaj/workspace/audio_wrapper/pjproject/pjnath/include -I/home/pankaj/workspace/audio_wrapper/pjproject/pjmedia/include -I/home/pankaj/workspace/audio_wrapper/pjproject/pjsip/include -fPIC                " SAMPLE_LDFLAGS="-L/home/pankaj/workspace/audio_wrapper/pjproject/pjlib/lib -L/home/pankaj/workspace/audio_wrapper/pjproject/pjlib-util/lib -L/home/pankaj/workspace/audio_wrapper/pjproject/pjnath/lib -L/home/pankaj/workspace/audio_wrapper/pjproject/pjmedia/lib -L/home/pankaj/workspace/audio_wrapper/pjproject/pjsip/lib -L/home/pankaj/workspace/audio_wrapper/pjproject/third_party/lib             -L/home/pankaj/qnx710/target/qnx7/x86_64/usr/lib -L/home/pankaj/qnx710/target/qnx7/x86_64/lib -L/home/pankaj/qnx710/host/linux/x86_64/usr/lib/gcc/x86_64-pc-nto-qnx7.1.0/4.6.3 -lgcc -lasound -lpjsua-x86_64-pc-nto-qnx -lpjsip-ua-x86_64-pc-nto-qnx -lpjsip-simple-x86_64-pc-nto-qnx -lpjsip-x86_64-pc-nto-qnx -lpjmedia-codec-x86_64-pc-nto-qnx -lpjmedia-videodev-x86_64-pc-nto-qnx -lpjmedia-audiodev-x86_64-pc-nto-qnx -lpjmedia-x86_64-pc-nto-qnx -lpjnath-x86_64-pc-nto-qnx -lpjlib-util-x86_64-pc-nto-qnx  -lsrtp-x86_64-pc-nto-qnx -lresample-x86_64-pc-nto-qnx -lgsmcodec-x86_64-pc-nto-qnx -lspeex-x86_64-pc-nto-qnx -lilbccodec-x86_64-pc-nto-qnx -lg7221codec-x86_64-pc-nto-qnx -lyuv-x86_64-pc-nto-qnx  -lpj-x86_64-pc-nto-qnx -lm -lsocket  " SAMPLE_EXE=siprtp APP=SAMPLE app=sample ../bin/samples/x86_64-pc-nto-qnx/siprtp
make[3]: '../bin/samples/x86_64-pc-nto-qnx/recfile' is up to date.
make[3]: '../bin/samples/x86_64-pc-nto-qnx/resampleplay' is up to date.
make --no-print-directory -f /home/pankaj/workspace/audio_wrapper/pjproject/build/rules.mak SAMPLE_SRCDIR=../src/samples SAMPLE_OBJS=sipstateless.o SAMPLE_CFLAGS="-DPJ_AUTOCONF=1 -fPIC -fPIC -DPJ_CONFIG_QNX=1 -DPJMEDIA_AUDIO_DEV_HAS_QNX=1 -Wno-int-to-pointer-cast -DWEBRTC_DISABLE_CPU_DETECTION -DPJ_IS_BIG_ENDIAN=0 -DPJ_IS_LITTLE_ENDIAN=1                 -I/home/pankaj/workspace/audio_wrapper/pjproject/pjlib/include -I/home/pankaj/workspace/audio_wrapper/pjproject/pjlib-util/include -I/home/pankaj/workspace/audio_wrapper/pjproject/pjnath/include -I/home/pankaj/workspace/audio_wrapper/pjproject/pjmedia/include -I/home/pankaj/workspace/audio_wrapper/pjproject/pjsip/include -fPIC                " SAMPLE_CXXFLAGS="-fPIC -DPJ_AUTOCONF=1 -fPIC -fPIC -DPJ_CONFIG_QNX=1 -DPJMEDIA_AUDIO_DEV_HAS_QNX=1 -Wno-int-to-pointer-cast -DWEBRTC_DISABLE_CPU_DETECTION -DPJ_IS_BIG_ENDIAN=0 -DPJ_IS_LITTLE_ENDIAN=1                 -I/home/pankaj/workspace/audio_wrapper/pjproject/pjlib/include -I/home/pankaj/workspace/audio_wrapper/pjproject/pjlib-util/include -I/home/pankaj/workspace/audio_wrapper/pjproject/pjnath/include -I/home/pankaj/workspace/audio_wrapper/pjproject/pjmedia/include -I/home/pankaj/workspace/audio_wrapper/pjproject/pjsip/include -fPIC                " SAMPLE_LDFLAGS="-L/home/pankaj/workspace/audio_wrapper/pjproject/pjlib/lib -L/home/pankaj/workspace/audio_wrapper/pjproject/pjlib-util/lib -L/home/pankaj/workspace/audio_wrapper/pjproject/pjnath/lib -L/home/pankaj/workspace/audio_wrapper/pjproject/pjmedia/lib -L/home/pankaj/workspace/audio_wrapper/pjproject/pjsip/lib -L/home/pankaj/workspace/audio_wrapper/pjproject/third_party/lib             -L/home/pankaj/qnx710/target/qnx7/x86_64/usr/lib -L/home/pankaj/qnx710/target/qnx7/x86_64/lib -L/home/pankaj/qnx710/host/linux/x86_64/usr/lib/gcc/x86_64-pc-nto-qnx7.1.0/4.6.3 -lgcc -lasound -lpjsua-x86_64-pc-nto-qnx -lpjsip-ua-x86_64-pc-nto-qnx -lpjsip-simple-x86_64-pc-nto-qnx -lpjsip-x86_64-pc-nto-qnx -lpjmedia-codec-x86_64-pc-nto-qnx -lpjmedia-videodev-x86_64-pc-nto-qnx -lpjmedia-audiodev-x86_64-pc-nto-qnx -lpjmedia-x86_64-pc-nto-qnx -lpjnath-x86_64-pc-nto-qnx -lpjlib-util-x86_64-pc-nto-qnx  -lsrtp-x86_64-pc-nto-qnx -lresample-x86_64-pc-nto-qnx -lgsmcodec-x86_64-pc-nto-qnx -lspeex-x86_64-pc-nto-qnx -lilbccodec-x86_64-pc-nto-qnx -lg7221codec-x86_64-pc-nto-qnx -lyuv-x86_64-pc-nto-qnx  -lpj-x86_64-pc-nto-qnx -lm -lsocket  " SAMPLE_EXE=sipstateless APP=SAMPLE app=sample ../bin/samples/x86_64-pc-nto-qnx/sipstateless
make --no-print-directory -f /home/pankaj/workspace/audio_wrapper/pjproject/build/rules.mak SAMPLE_SRCDIR=../src/samples SAMPLE_OBJS=stateful_proxy.o SAMPLE_CFLAGS="-DPJ_AUTOCONF=1 -fPIC -fPIC -DPJ_CONFIG_QNX=1 -DPJMEDIA_AUDIO_DEV_HAS_QNX=1 -Wno-int-to-pointer-cast -DWEBRTC_DISABLE_CPU_DETECTION -DPJ_IS_BIG_ENDIAN=0 -DPJ_IS_LITTLE_ENDIAN=1                 -I/home/pankaj/workspace/audio_wrapper/pjproject/pjlib/include -I/home/pankaj/workspace/audio_wrapper/pjproject/pjlib-util/include -I/home/pankaj/workspace/audio_wrapper/pjproject/pjnath/include -I/home/pankaj/workspace/audio_wrapper/pjproject/pjmedia/include -I/home/pankaj/workspace/audio_wrapper/pjproject/pjsip/include -fPIC                " SAMPLE_CXXFLAGS="-fPIC -DPJ_AUTOCONF=1 -fPIC -fPIC -DPJ_CONFIG_QNX=1 -DPJMEDIA_AUDIO_DEV_HAS_QNX=1 -Wno-int-to-pointer-cast -DWEBRTC_DISABLE_CPU_DETECTION -DPJ_IS_BIG_ENDIAN=0 -DPJ_IS_LITTLE_ENDIAN=1                 -I/home/pankaj/workspace/audio_wrapper/pjproject/pjlib/include -I/home/pankaj/workspace/audio_wrapper/pjproject/pjlib-util/include -I/home/pankaj/workspace/audio_wrapper/pjproject/pjnath/include -I/home/pankaj/workspace/audio_wrapper/pjproject/pjmedia/include -I/home/pankaj/workspace/audio_wrapper/pjproject/pjsip/include -fPIC                " SAMPLE_LDFLAGS="-L/home/pankaj/workspace/audio_wrapper/pjproject/pjlib/lib -L/home/pankaj/workspace/audio_wrapper/pjproject/pjlib-util/lib -L/home/pankaj/workspace/audio_wrapper/pjproject/pjnath/lib -L/home/pankaj/workspace/audio_wrapper/pjproject/pjmedia/lib -L/home/pankaj/workspace/audio_wrapper/pjproject/pjsip/lib -L/home/pankaj/workspace/audio_wrapper/pjproject/third_party/lib             -L/home/pankaj/qnx710/target/qnx7/x86_64/usr/lib -L/home/pankaj/qnx710/target/qnx7/x86_64/lib -L/home/pankaj/qnx710/host/linux/x86_64/usr/lib/gcc/x86_64-pc-nto-qnx7.1.0/4.6.3 -lgcc -lasound -lpjsua-x86_64-pc-nto-qnx -lpjsip-ua-x86_64-pc-nto-qnx -lpjsip-simple-x86_64-pc-nto-qnx -lpjsip-x86_64-pc-nto-qnx -lpjmedia-codec-x86_64-pc-nto-qnx -lpjmedia-videodev-x86_64-pc-nto-qnx -lpjmedia-audiodev-x86_64-pc-nto-qnx -lpjmedia-x86_64-pc-nto-qnx -lpjnath-x86_64-pc-nto-qnx -lpjlib-util-x86_64-pc-nto-qnx  -lsrtp-x86_64-pc-nto-qnx -lresample-x86_64-pc-nto-qnx -lgsmcodec-x86_64-pc-nto-qnx -lspeex-x86_64-pc-nto-qnx -lilbccodec-x86_64-pc-nto-qnx -lg7221codec-x86_64-pc-nto-qnx -lyuv-x86_64-pc-nto-qnx  -lpj-x86_64-pc-nto-qnx -lm -lsocket  " SAMPLE_EXE=stateful_proxy APP=SAMPLE app=sample ../bin/samples/x86_64-pc-nto-qnx/stateful_proxy
make[3]: '../bin/samples/x86_64-pc-nto-qnx/simpleua' is up to date.
make[3]: '../bin/samples/x86_64-pc-nto-qnx/simple_pjsua' is up to date.
make --no-print-directory -f /home/pankaj/workspace/audio_wrapper/pjproject/build/rules.mak SAMPLE_SRCDIR=../src/samples SAMPLE_OBJS=stateless_proxy.o SAMPLE_CFLAGS="-DPJ_AUTOCONF=1 -fPIC -fPIC -DPJ_CONFIG_QNX=1 -DPJMEDIA_AUDIO_DEV_HAS_QNX=1 -Wno-int-to-pointer-cast -DWEBRTC_DISABLE_CPU_DETECTION -DPJ_IS_BIG_ENDIAN=0 -DPJ_IS_LITTLE_ENDIAN=1                 -I/home/pankaj/workspace/audio_wrapper/pjproject/pjlib/include -I/home/pankaj/workspace/audio_wrapper/pjproject/pjlib-util/include -I/home/pankaj/workspace/audio_wrapper/pjproject/pjnath/include -I/home/pankaj/workspace/audio_wrapper/pjproject/pjmedia/include -I/home/pankaj/workspace/audio_wrapper/pjproject/pjsip/include -fPIC                " SAMPLE_CXXFLAGS="-fPIC -DPJ_AUTOCONF=1 -fPIC -fPIC -DPJ_CONFIG_QNX=1 -DPJMEDIA_AUDIO_DEV_HAS_QNX=1 -Wno-int-to-pointer-cast -DWEBRTC_DISABLE_CPU_DETECTION -DPJ_IS_BIG_ENDIAN=0 -DPJ_IS_LITTLE_ENDIAN=1                 -I/home/pankaj/workspace/audio_wrapper/pjproject/pjlib/include -I/home/pankaj/workspace/audio_wrapper/pjproject/pjlib-util/include -I/home/pankaj/workspace/audio_wrapper/pjproject/pjnath/include -I/home/pankaj/workspace/audio_wrapper/pjproject/pjmedia/include -I/home/pankaj/workspace/audio_wrapper/pjproject/pjsip/include -fPIC                " SAMPLE_LDFLAGS="-L/home/pankaj/workspace/audio_wrapper/pjproject/pjlib/lib -L/home/pankaj/workspace/audio_wrapper/pjproject/pjlib-util/lib -L/home/pankaj/workspace/audio_wrapper/pjproject/pjnath/lib -L/home/pankaj/workspace/audio_wrapper/pjproject/pjmedia/lib -L/home/pankaj/workspace/audio_wrapper/pjproject/pjsip/lib -L/home/pankaj/workspace/audio_wrapper/pjproject/third_party/lib             -L/home/pankaj/qnx710/target/qnx7/x86_64/usr/lib -L/home/pankaj/qnx710/target/qnx7/x86_64/lib -L/home/pankaj/qnx710/host/linux/x86_64/usr/lib/gcc/x86_64-pc-nto-qnx7.1.0/4.6.3 -lgcc -lasound -lpjsua-x86_64-pc-nto-qnx -lpjsip-ua-x86_64-pc-nto-qnx -lpjsip-simple-x86_64-pc-nto-qnx -lpjsip-x86_64-pc-nto-qnx -lpjmedia-codec-x86_64-pc-nto-qnx -lpjmedia-videodev-x86_64-pc-nto-qnx -lpjmedia-audiodev-x86_64-pc-nto-qnx -lpjmedia-x86_64-pc-nto-qnx -lpjnath-x86_64-pc-nto-qnx -lpjlib-util-x86_64-pc-nto-qnx  -lsrtp-x86_64-pc-nto-qnx -lresample-x86_64-pc-nto-qnx -lgsmcodec-x86_64-pc-nto-qnx -lspeex-x86_64-pc-nto-qnx -lilbccodec-x86_64-pc-nto-qnx -lg7221codec-x86_64-pc-nto-qnx -lyuv-x86_64-pc-nto-qnx  -lpj-x86_64-pc-nto-qnx -lm -lsocket  " SAMPLE_EXE=stateless_proxy APP=SAMPLE app=sample ../bin/samples/x86_64-pc-nto-qnx/stateless_proxy
make[3]: '../bin/samples/x86_64-pc-nto-qnx/sipecho' is up to date.
make --no-print-directory -f /home/pankaj/workspace/audio_wrapper/pjproject/build/rules.mak SAMPLE_SRCDIR=../src/samples SAMPLE_OBJS=stereotest.o SAMPLE_CFLAGS="-DPJ_AUTOCONF=1 -fPIC -fPIC -DPJ_CONFIG_QNX=1 -DPJMEDIA_AUDIO_DEV_HAS_QNX=1 -Wno-int-to-pointer-cast -DWEBRTC_DISABLE_CPU_DETECTION -DPJ_IS_BIG_ENDIAN=0 -DPJ_IS_LITTLE_ENDIAN=1                 -I/home/pankaj/workspace/audio_wrapper/pjproject/pjlib/include -I/home/pankaj/workspace/audio_wrapper/pjproject/pjlib-util/include -I/home/pankaj/workspace/audio_wrapper/pjproject/pjnath/include -I/home/pankaj/workspace/audio_wrapper/pjproject/pjmedia/include -I/home/pankaj/workspace/audio_wrapper/pjproject/pjsip/include -fPIC                " SAMPLE_CXXFLAGS="-fPIC -DPJ_AUTOCONF=1 -fPIC -fPIC -DPJ_CONFIG_QNX=1 -DPJMEDIA_AUDIO_DEV_HAS_QNX=1 -Wno-int-to-pointer-cast -DWEBRTC_DISABLE_CPU_DETECTION -DPJ_IS_BIG_ENDIAN=0 -DPJ_IS_LITTLE_ENDIAN=1                 -I/home/pankaj/workspace/audio_wrapper/pjproject/pjlib/include -I/home/pankaj/workspace/audio_wrapper/pjproject/pjlib-util/include -I/home/pankaj/workspace/audio_wrapper/pjproject/pjnath/include -I/home/pankaj/workspace/audio_wrapper/pjproject/pjmedia/include -I/home/pankaj/workspace/audio_wrapper/pjproject/pjsip/include -fPIC                " SAMPLE_LDFLAGS="-L/home/pankaj/workspace/audio_wrapper/pjproject/pjlib/lib -L/home/pankaj/workspace/audio_wrapper/pjproject/pjlib-util/lib -L/home/pankaj/workspace/audio_wrapper/pjproject/pjnath/lib -L/home/pankaj/workspace/audio_wrapper/pjproject/pjmedia/lib -L/home/pankaj/workspace/audio_wrapper/pjproject/pjsip/lib -L/home/pankaj/workspace/audio_wrapper/pjproject/third_party/lib             -L/home/pankaj/qnx710/target/qnx7/x86_64/usr/lib -L/home/pankaj/qnx710/target/qnx7/x86_64/lib -L/home/pankaj/qnx710/host/linux/x86_64/usr/lib/gcc/x86_64-pc-nto-qnx7.1.0/4.6.3 -lgcc -lasound -lpjsua-x86_64-pc-nto-qnx -lpjsip-ua-x86_64-pc-nto-qnx -lpjsip-simple-x86_64-pc-nto-qnx -lpjsip-x86_64-pc-nto-qnx -lpjmedia-codec-x86_64-pc-nto-qnx -lpjmedia-videodev-x86_64-pc-nto-qnx -lpjmedia-audiodev-x86_64-pc-nto-qnx -lpjmedia-x86_64-pc-nto-qnx -lpjnath-x86_64-pc-nto-qnx -lpjlib-util-x86_64-pc-nto-qnx  -lsrtp-x86_64-pc-nto-qnx -lresample-x86_64-pc-nto-qnx -lgsmcodec-x86_64-pc-nto-qnx -lspeex-x86_64-pc-nto-qnx -lilbccodec-x86_64-pc-nto-qnx -lg7221codec-x86_64-pc-nto-qnx -lyuv-x86_64-pc-nto-qnx  -lpj-x86_64-pc-nto-qnx -lm -lsocket  " SAMPLE_EXE=stereotest APP=SAMPLE app=sample ../bin/samples/x86_64-pc-nto-qnx/stereotest
make --no-print-directory -f /home/pankaj/workspace/audio_wrapper/pjproject/build/rules.mak SAMPLE_SRCDIR=../src/samples SAMPLE_OBJS=streamutil.o SAMPLE_CFLAGS="-DPJ_AUTOCONF=1 -fPIC -fPIC -DPJ_CONFIG_QNX=1 -DPJMEDIA_AUDIO_DEV_HAS_QNX=1 -Wno-int-to-pointer-cast -DWEBRTC_DISABLE_CPU_DETECTION -DPJ_IS_BIG_ENDIAN=0 -DPJ_IS_LITTLE_ENDIAN=1                 -I/home/pankaj/workspace/audio_wrapper/pjproject/pjlib/include -I/home/pankaj/workspace/audio_wrapper/pjproject/pjlib-util/include -I/home/pankaj/workspace/audio_wrapper/pjproject/pjnath/include -I/home/pankaj/workspace/audio_wrapper/pjproject/pjmedia/include -I/home/pankaj/workspace/audio_wrapper/pjproject/pjsip/include -fPIC                " SAMPLE_CXXFLAGS="-fPIC -DPJ_AUTOCONF=1 -fPIC -fPIC -DPJ_CONFIG_QNX=1 -DPJMEDIA_AUDIO_DEV_HAS_QNX=1 -Wno-int-to-pointer-cast -DWEBRTC_DISABLE_CPU_DETECTION -DPJ_IS_BIG_ENDIAN=0 -DPJ_IS_LITTLE_ENDIAN=1                 -I/home/pankaj/workspace/audio_wrapper/pjproject/pjlib/include -I/home/pankaj/workspace/audio_wrapper/pjproject/pjlib-util/include -I/home/pankaj/workspace/audio_wrapper/pjproject/pjnath/include -I/home/pankaj/workspace/audio_wrapper/pjproject/pjmedia/include -I/home/pankaj/workspace/audio_wrapper/pjproject/pjsip/include -fPIC                " SAMPLE_LDFLAGS="-L/home/pankaj/workspace/audio_wrapper/pjproject/pjlib/lib -L/home/pankaj/workspace/audio_wrapper/pjproject/pjlib-util/lib -L/home/pankaj/workspace/audio_wrapper/pjproject/pjnath/lib -L/home/pankaj/workspace/audio_wrapper/pjproject/pjmedia/lib -L/home/pankaj/workspace/audio_wrapper/pjproject/pjsip/lib -L/home/pankaj/workspace/audio_wrapper/pjproject/third_party/lib             -L/home/pankaj/qnx710/target/qnx7/x86_64/usr/lib -L/home/pankaj/qnx710/target/qnx7/x86_64/lib -L/home/pankaj/qnx710/host/linux/x86_64/usr/lib/gcc/x86_64-pc-nto-qnx7.1.0/4.6.3 -lgcc -lasound -lpjsua-x86_64-pc-nto-qnx -lpjsip-ua-x86_64-pc-nto-qnx -lpjsip-simple-x86_64-pc-nto-qnx -lpjsip-x86_64-pc-nto-qnx -lpjmedia-codec-x86_64-pc-nto-qnx -lpjmedia-videodev-x86_64-pc-nto-qnx -lpjmedia-audiodev-x86_64-pc-nto-qnx -lpjmedia-x86_64-pc-nto-qnx -lpjnath-x86_64-pc-nto-qnx -lpjlib-util-x86_64-pc-nto-qnx  -lsrtp-x86_64-pc-nto-qnx -lresample-x86_64-pc-nto-qnx -lgsmcodec-x86_64-pc-nto-qnx -lspeex-x86_64-pc-nto-qnx -lilbccodec-x86_64-pc-nto-qnx -lg7221codec-x86_64-pc-nto-qnx -lyuv-x86_64-pc-nto-qnx  -lpj-x86_64-pc-nto-qnx -lm -lsocket  " SAMPLE_EXE=streamutil APP=SAMPLE app=sample ../bin/samples/x86_64-pc-nto-qnx/streamutil
make[3]: '../bin/samples/x86_64-pc-nto-qnx/sipstateless' is up to date.
make[3]: '../bin/samples/x86_64-pc-nto-qnx/siprtp' is up to date.
make[3]: '../bin/samples/x86_64-pc-nto-qnx/stateful_proxy' is up to date.
make --no-print-directory -f /home/pankaj/workspace/audio_wrapper/pjproject/build/rules.mak SAMPLE_SRCDIR=../src/samples SAMPLE_OBJS=strerror.o SAMPLE_CFLAGS="-DPJ_AUTOCONF=1 -fPIC -fPIC -DPJ_CONFIG_QNX=1 -DPJMEDIA_AUDIO_DEV_HAS_QNX=1 -Wno-int-to-pointer-cast -DWEBRTC_DISABLE_CPU_DETECTION -DPJ_IS_BIG_ENDIAN=0 -DPJ_IS_LITTLE_ENDIAN=1                 -I/home/pankaj/workspace/audio_wrapper/pjproject/pjlib/include -I/home/pankaj/workspace/audio_wrapper/pjproject/pjlib-util/include -I/home/pankaj/workspace/audio_wrapper/pjproject/pjnath/include -I/home/pankaj/workspace/audio_wrapper/pjproject/pjmedia/include -I/home/pankaj/workspace/audio_wrapper/pjproject/pjsip/include -fPIC                " SAMPLE_CXXFLAGS="-fPIC -DPJ_AUTOCONF=1 -fPIC -fPIC -DPJ_CONFIG_QNX=1 -DPJMEDIA_AUDIO_DEV_HAS_QNX=1 -Wno-int-to-pointer-cast -DWEBRTC_DISABLE_CPU_DETECTION -DPJ_IS_BIG_ENDIAN=0 -DPJ_IS_LITTLE_ENDIAN=1                 -I/home/pankaj/workspace/audio_wrapper/pjproject/pjlib/include -I/home/pankaj/workspace/audio_wrapper/pjproject/pjlib-util/include -I/home/pankaj/workspace/audio_wrapper/pjproject/pjnath/include -I/home/pankaj/workspace/audio_wrapper/pjproject/pjmedia/include -I/home/pankaj/workspace/audio_wrapper/pjproject/pjsip/include -fPIC                " SAMPLE_LDFLAGS="-L/home/pankaj/workspace/audio_wrapper/pjproject/pjlib/lib -L/home/pankaj/workspace/audio_wrapper/pjproject/pjlib-util/lib -L/home/pankaj/workspace/audio_wrapper/pjproject/pjnath/lib -L/home/pankaj/workspace/audio_wrapper/pjproject/pjmedia/lib -L/home/pankaj/workspace/audio_wrapper/pjproject/pjsip/lib -L/home/pankaj/workspace/audio_wrapper/pjproject/third_party/lib             -L/home/pankaj/qnx710/target/qnx7/x86_64/usr/lib -L/home/pankaj/qnx710/target/qnx7/x86_64/lib -L/home/pankaj/qnx710/host/linux/x86_64/usr/lib/gcc/x86_64-pc-nto-qnx7.1.0/4.6.3 -lgcc -lasound -lpjsua-x86_64-pc-nto-qnx -lpjsip-ua-x86_64-pc-nto-qnx -lpjsip-simple-x86_64-pc-nto-qnx -lpjsip-x86_64-pc-nto-qnx -lpjmedia-codec-x86_64-pc-nto-qnx -lpjmedia-videodev-x86_64-pc-nto-qnx -lpjmedia-audiodev-x86_64-pc-nto-qnx -lpjmedia-x86_64-pc-nto-qnx -lpjnath-x86_64-pc-nto-qnx -lpjlib-util-x86_64-pc-nto-qnx  -lsrtp-x86_64-pc-nto-qnx -lresample-x86_64-pc-nto-qnx -lgsmcodec-x86_64-pc-nto-qnx -lspeex-x86_64-pc-nto-qnx -lilbccodec-x86_64-pc-nto-qnx -lg7221codec-x86_64-pc-nto-qnx -lyuv-x86_64-pc-nto-qnx  -lpj-x86_64-pc-nto-qnx -lm -lsocket  " SAMPLE_EXE=strerror APP=SAMPLE app=sample ../bin/samples/x86_64-pc-nto-qnx/strerror
make --no-print-directory -f /home/pankaj/workspace/audio_wrapper/pjproject/build/rules.mak SAMPLE_SRCDIR=../src/samples SAMPLE_OBJS=tonegen.o SAMPLE_CFLAGS="-DPJ_AUTOCONF=1 -fPIC -fPIC -DPJ_CONFIG_QNX=1 -DPJMEDIA_AUDIO_DEV_HAS_QNX=1 -Wno-int-to-pointer-cast -DWEBRTC_DISABLE_CPU_DETECTION -DPJ_IS_BIG_ENDIAN=0 -DPJ_IS_LITTLE_ENDIAN=1                 -I/home/pankaj/workspace/audio_wrapper/pjproject/pjlib/include -I/home/pankaj/workspace/audio_wrapper/pjproject/pjlib-util/include -I/home/pankaj/workspace/audio_wrapper/pjproject/pjnath/include -I/home/pankaj/workspace/audio_wrapper/pjproject/pjmedia/include -I/home/pankaj/workspace/audio_wrapper/pjproject/pjsip/include -fPIC                " SAMPLE_CXXFLAGS="-fPIC -DPJ_AUTOCONF=1 -fPIC -fPIC -DPJ_CONFIG_QNX=1 -DPJMEDIA_AUDIO_DEV_HAS_QNX=1 -Wno-int-to-pointer-cast -DWEBRTC_DISABLE_CPU_DETECTION -DPJ_IS_BIG_ENDIAN=0 -DPJ_IS_LITTLE_ENDIAN=1                 -I/home/pankaj/workspace/audio_wrapper/pjproject/pjlib/include -I/home/pankaj/workspace/audio_wrapper/pjproject/pjlib-util/include -I/home/pankaj/workspace/audio_wrapper/pjproject/pjnath/include -I/home/pankaj/workspace/audio_wrapper/pjproject/pjmedia/include -I/home/pankaj/workspace/audio_wrapper/pjproject/pjsip/include -fPIC                " SAMPLE_LDFLAGS="-L/home/pankaj/workspace/audio_wrapper/pjproject/pjlib/lib -L/home/pankaj/workspace/audio_wrapper/pjproject/pjlib-util/lib -L/home/pankaj/workspace/audio_wrapper/pjproject/pjnath/lib -L/home/pankaj/workspace/audio_wrapper/pjproject/pjmedia/lib -L/home/pankaj/workspace/audio_wrapper/pjproject/pjsip/lib -L/home/pankaj/workspace/audio_wrapper/pjproject/third_party/lib             -L/home/pankaj/qnx710/target/qnx7/x86_64/usr/lib -L/home/pankaj/qnx710/target/qnx7/x86_64/lib -L/home/pankaj/qnx710/host/linux/x86_64/usr/lib/gcc/x86_64-pc-nto-qnx7.1.0/4.6.3 -lgcc -lasound -lpjsua-x86_64-pc-nto-qnx -lpjsip-ua-x86_64-pc-nto-qnx -lpjsip-simple-x86_64-pc-nto-qnx -lpjsip-x86_64-pc-nto-qnx -lpjmedia-codec-x86_64-pc-nto-qnx -lpjmedia-videodev-x86_64-pc-nto-qnx -lpjmedia-audiodev-x86_64-pc-nto-qnx -lpjmedia-x86_64-pc-nto-qnx -lpjnath-x86_64-pc-nto-qnx -lpjlib-util-x86_64-pc-nto-qnx  -lsrtp-x86_64-pc-nto-qnx -lresample-x86_64-pc-nto-qnx -lgsmcodec-x86_64-pc-nto-qnx -lspeex-x86_64-pc-nto-qnx -lilbccodec-x86_64-pc-nto-qnx -lg7221codec-x86_64-pc-nto-qnx -lyuv-x86_64-pc-nto-qnx  -lpj-x86_64-pc-nto-qnx -lm -lsocket  " SAMPLE_EXE=tonegen APP=SAMPLE app=sample ../bin/samples/x86_64-pc-nto-qnx/tonegen
make --no-print-directory -f /home/pankaj/workspace/audio_wrapper/pjproject/build/rules.mak SAMPLE_SRCDIR=../src/samples SAMPLE_OBJS=vid_codec_test.o SAMPLE_CFLAGS="-DPJ_AUTOCONF=1 -fPIC -fPIC -DPJ_CONFIG_QNX=1 -DPJMEDIA_AUDIO_DEV_HAS_QNX=1 -Wno-int-to-pointer-cast -DWEBRTC_DISABLE_CPU_DETECTION -DPJ_IS_BIG_ENDIAN=0 -DPJ_IS_LITTLE_ENDIAN=1                 -I/home/pankaj/workspace/audio_wrapper/pjproject/pjlib/include -I/home/pankaj/workspace/audio_wrapper/pjproject/pjlib-util/include -I/home/pankaj/workspace/audio_wrapper/pjproject/pjnath/include -I/home/pankaj/workspace/audio_wrapper/pjproject/pjmedia/include -I/home/pankaj/workspace/audio_wrapper/pjproject/pjsip/include -fPIC                " SAMPLE_CXXFLAGS="-fPIC -DPJ_AUTOCONF=1 -fPIC -fPIC -DPJ_CONFIG_QNX=1 -DPJMEDIA_AUDIO_DEV_HAS_QNX=1 -Wno-int-to-pointer-cast -DWEBRTC_DISABLE_CPU_DETECTION -DPJ_IS_BIG_ENDIAN=0 -DPJ_IS_LITTLE_ENDIAN=1                 -I/home/pankaj/workspace/audio_wrapper/pjproject/pjlib/include -I/home/pankaj/workspace/audio_wrapper/pjproject/pjlib-util/include -I/home/pankaj/workspace/audio_wrapper/pjproject/pjnath/include -I/home/pankaj/workspace/audio_wrapper/pjproject/pjmedia/include -I/home/pankaj/workspace/audio_wrapper/pjproject/pjsip/include -fPIC                " SAMPLE_LDFLAGS="-L/home/pankaj/workspace/audio_wrapper/pjproject/pjlib/lib -L/home/pankaj/workspace/audio_wrapper/pjproject/pjlib-util/lib -L/home/pankaj/workspace/audio_wrapper/pjproject/pjnath/lib -L/home/pankaj/workspace/audio_wrapper/pjproject/pjmedia/lib -L/home/pankaj/workspace/audio_wrapper/pjproject/pjsip/lib -L/home/pankaj/workspace/audio_wrapper/pjproject/third_party/lib             -L/home/pankaj/qnx710/target/qnx7/x86_64/usr/lib -L/home/pankaj/qnx710/target/qnx7/x86_64/lib -L/home/pankaj/qnx710/host/linux/x86_64/usr/lib/gcc/x86_64-pc-nto-qnx7.1.0/4.6.3 -lgcc -lasound -lpjsua-x86_64-pc-nto-qnx -lpjsip-ua-x86_64-pc-nto-qnx -lpjsip-simple-x86_64-pc-nto-qnx -lpjsip-x86_64-pc-nto-qnx -lpjmedia-codec-x86_64-pc-nto-qnx -lpjmedia-videodev-x86_64-pc-nto-qnx -lpjmedia-audiodev-x86_64-pc-nto-qnx -lpjmedia-x86_64-pc-nto-qnx -lpjnath-x86_64-pc-nto-qnx -lpjlib-util-x86_64-pc-nto-qnx  -lsrtp-x86_64-pc-nto-qnx -lresample-x86_64-pc-nto-qnx -lgsmcodec-x86_64-pc-nto-qnx -lspeex-x86_64-pc-nto-qnx -lilbccodec-x86_64-pc-nto-qnx -lg7221codec-x86_64-pc-nto-qnx -lyuv-x86_64-pc-nto-qnx  -lpj-x86_64-pc-nto-qnx -lm -lsocket  " SAMPLE_EXE=vid_codec_test APP=SAMPLE app=sample ../bin/samples/x86_64-pc-nto-qnx/vid_codec_test
make[3]: '../bin/samples/x86_64-pc-nto-qnx/stateless_proxy' is up to date.
make[3]: '../bin/samples/x86_64-pc-nto-qnx/stereotest' is up to date.
make[3]: '../bin/samples/x86_64-pc-nto-qnx/streamutil' is up to date.
make --no-print-directory -f /home/pankaj/workspace/audio_wrapper/pjproject/build/rules.mak SAMPLE_SRCDIR=../src/samples SAMPLE_OBJS=vid_streamutil.o SAMPLE_CFLAGS="-DPJ_AUTOCONF=1 -fPIC -fPIC -DPJ_CONFIG_QNX=1 -DPJMEDIA_AUDIO_DEV_HAS_QNX=1 -Wno-int-to-pointer-cast -DWEBRTC_DISABLE_CPU_DETECTION -DPJ_IS_BIG_ENDIAN=0 -DPJ_IS_LITTLE_ENDIAN=1                 -I/home/pankaj/workspace/audio_wrapper/pjproject/pjlib/include -I/home/pankaj/workspace/audio_wrapper/pjproject/pjlib-util/include -I/home/pankaj/workspace/audio_wrapper/pjproject/pjnath/include -I/home/pankaj/workspace/audio_wrapper/pjproject/pjmedia/include -I/home/pankaj/workspace/audio_wrapper/pjproject/pjsip/include -fPIC                " SAMPLE_CXXFLAGS="-fPIC -DPJ_AUTOCONF=1 -fPIC -fPIC -DPJ_CONFIG_QNX=1 -DPJMEDIA_AUDIO_DEV_HAS_QNX=1 -Wno-int-to-pointer-cast -DWEBRTC_DISABLE_CPU_DETECTION -DPJ_IS_BIG_ENDIAN=0 -DPJ_IS_LITTLE_ENDIAN=1                 -I/home/pankaj/workspace/audio_wrapper/pjproject/pjlib/include -I/home/pankaj/workspace/audio_wrapper/pjproject/pjlib-util/include -I/home/pankaj/workspace/audio_wrapper/pjproject/pjnath/include -I/home/pankaj/workspace/audio_wrapper/pjproject/pjmedia/include -I/home/pankaj/workspace/audio_wrapper/pjproject/pjsip/include -fPIC                " SAMPLE_LDFLAGS="-L/home/pankaj/workspace/audio_wrapper/pjproject/pjlib/lib -L/home/pankaj/workspace/audio_wrapper/pjproject/pjlib-util/lib -L/home/pankaj/workspace/audio_wrapper/pjproject/pjnath/lib -L/home/pankaj/workspace/audio_wrapper/pjproject/pjmedia/lib -L/home/pankaj/workspace/audio_wrapper/pjproject/pjsip/lib -L/home/pankaj/workspace/audio_wrapper/pjproject/third_party/lib             -L/home/pankaj/qnx710/target/qnx7/x86_64/usr/lib -L/home/pankaj/qnx710/target/qnx7/x86_64/lib -L/home/pankaj/qnx710/host/linux/x86_64/usr/lib/gcc/x86_64-pc-nto-qnx7.1.0/4.6.3 -lgcc -lasound -lpjsua-x86_64-pc-nto-qnx -lpjsip-ua-x86_64-pc-nto-qnx -lpjsip-simple-x86_64-pc-nto-qnx -lpjsip-x86_64-pc-nto-qnx -lpjmedia-codec-x86_64-pc-nto-qnx -lpjmedia-videodev-x86_64-pc-nto-qnx -lpjmedia-audiodev-x86_64-pc-nto-qnx -lpjmedia-x86_64-pc-nto-qnx -lpjnath-x86_64-pc-nto-qnx -lpjlib-util-x86_64-pc-nto-qnx  -lsrtp-x86_64-pc-nto-qnx -lresample-x86_64-pc-nto-qnx -lgsmcodec-x86_64-pc-nto-qnx -lspeex-x86_64-pc-nto-qnx -lilbccodec-x86_64-pc-nto-qnx -lg7221codec-x86_64-pc-nto-qnx -lyuv-x86_64-pc-nto-qnx  -lpj-x86_64-pc-nto-qnx -lm -lsocket  " SAMPLE_EXE=vid_streamutil APP=SAMPLE app=sample ../bin/samples/x86_64-pc-nto-qnx/vid_streamutil
make --no-print-directory -f /home/pankaj/workspace/audio_wrapper/pjproject/build/rules.mak PJSUA2_SAMPLE_SRCDIR=../src/samples PJSUA2_SAMPLE_OBJS=pjsua2_demo.o PJSUA2_SAMPLE_CFLAGS="-DPJ_AUTOCONF=1 -fPIC -fPIC -DPJ_CONFIG_QNX=1 -DPJMEDIA_AUDIO_DEV_HAS_QNX=1 -Wno-int-to-pointer-cast -DWEBRTC_DISABLE_CPU_DETECTION -DPJ_IS_BIG_ENDIAN=0 -DPJ_IS_LITTLE_ENDIAN=1                 -I/home/pankaj/workspace/audio_wrapper/pjproject/pjlib/include -I/home/pankaj/workspace/audio_wrapper/pjproject/pjlib-util/include -I/home/pankaj/workspace/audio_wrapper/pjproject/pjnath/include -I/home/pankaj/workspace/audio_wrapper/pjproject/pjmedia/include -I/home/pankaj/workspace/audio_wrapper/pjproject/pjsip/include -fPIC                " PJSUA2_SAMPLE_CXXFLAGS="-fPIC -DPJ_AUTOCONF=1 -fPIC -fPIC -DPJ_CONFIG_QNX=1 -DPJMEDIA_AUDIO_DEV_HAS_QNX=1 -Wno-int-to-pointer-cast -DWEBRTC_DISABLE_CPU_DETECTION -DPJ_IS_BIG_ENDIAN=0 -DPJ_IS_LITTLE_ENDIAN=1                 -I/home/pankaj/workspace/audio_wrapper/pjproject/pjlib/include -I/home/pankaj/workspace/audio_wrapper/pjproject/pjlib-util/include -I/home/pankaj/workspace/audio_wrapper/pjproject/pjnath/include -I/home/pankaj/workspace/audio_wrapper/pjproject/pjmedia/include -I/home/pankaj/workspace/audio_wrapper/pjproject/pjsip/include -fPIC                " PJSUA2_SAMPLE_LDFLAGS="-L/home/pankaj/workspace/audio_wrapper/pjproject/pjlib/lib -L/home/pankaj/workspace/audio_wrapper/pjproject/pjlib-util/lib -L/home/pankaj/workspace/audio_wrapper/pjproject/pjnath/lib -L/home/pankaj/workspace/audio_wrapper/pjproject/pjmedia/lib -L/home/pankaj/workspace/audio_wrapper/pjproject/pjsip/lib -L/home/pankaj/workspace/audio_wrapper/pjproject/third_party/lib             -L/home/pankaj/qnx710/target/qnx7/x86_64/usr/lib -L/home/pankaj/qnx710/target/qnx7/x86_64/lib -L/home/pankaj/qnx710/host/linux/x86_64/usr/lib/gcc/x86_64-pc-nto-qnx7.1.0/4.6.3 -lgcc -lasound -lpjsua2-x86_64-pc-nto-qnx -lstdc++ -lpjsua-x86_64-pc-nto-qnx -lpjsip-ua-x86_64-pc-nto-qnx -lpjsip-simple-x86_64-pc-nto-qnx -lpjsip-x86_64-pc-nto-qnx -lpjmedia-codec-x86_64-pc-nto-qnx -lpjmedia-videodev-x86_64-pc-nto-qnx -lpjmedia-audiodev-x86_64-pc-nto-qnx -lpjmedia-x86_64-pc-nto-qnx -lpjnath-x86_64-pc-nto-qnx -lpjlib-util-x86_64-pc-nto-qnx  -lsrtp-x86_64-pc-nto-qnx -lresample-x86_64-pc-nto-qnx -lgsmcodec-x86_64-pc-nto-qnx -lspeex-x86_64-pc-nto-qnx -lilbccodec-x86_64-pc-nto-qnx -lg7221codec-x86_64-pc-nto-qnx -lyuv-x86_64-pc-nto-qnx  -lpj-x86_64-pc-nto-qnx -lm -lsocket  " PJSUA2_SAMPLE_EXE=pjsua2_demo APP=PJSUA2_SAMPLE app=pjsua2_sample ../bin/samples/x86_64-pc-nto-qnx/pjsua2_demo
make --no-print-directory -f /home/pankaj/workspace/audio_wrapper/pjproject/build/rules.mak PJSUA2_SAMPLE_SRCDIR=../src/samples PJSUA2_SAMPLE_OBJS=pjsua2_hello_reg.o PJSUA2_SAMPLE_CFLAGS="-DPJ_AUTOCONF=1 -fPIC -fPIC -DPJ_CONFIG_QNX=1 -DPJMEDIA_AUDIO_DEV_HAS_QNX=1 -Wno-int-to-pointer-cast -DWEBRTC_DISABLE_CPU_DETECTION -DPJ_IS_BIG_ENDIAN=0 -DPJ_IS_LITTLE_ENDIAN=1                 -I/home/pankaj/workspace/audio_wrapper/pjproject/pjlib/include -I/home/pankaj/workspace/audio_wrapper/pjproject/pjlib-util/include -I/home/pankaj/workspace/audio_wrapper/pjproject/pjnath/include -I/home/pankaj/workspace/audio_wrapper/pjproject/pjmedia/include -I/home/pankaj/workspace/audio_wrapper/pjproject/pjsip/include -fPIC                " PJSUA2_SAMPLE_CXXFLAGS="-fPIC -DPJ_AUTOCONF=1 -fPIC -fPIC -DPJ_CONFIG_QNX=1 -DPJMEDIA_AUDIO_DEV_HAS_QNX=1 -Wno-int-to-pointer-cast -DWEBRTC_DISABLE_CPU_DETECTION -DPJ_IS_BIG_ENDIAN=0 -DPJ_IS_LITTLE_ENDIAN=1                 -I/home/pankaj/workspace/audio_wrapper/pjproject/pjlib/include -I/home/pankaj/workspace/audio_wrapper/pjproject/pjlib-util/include -I/home/pankaj/workspace/audio_wrapper/pjproject/pjnath/include -I/home/pankaj/workspace/audio_wrapper/pjproject/pjmedia/include -I/home/pankaj/workspace/audio_wrapper/pjproject/pjsip/include -fPIC                " PJSUA2_SAMPLE_LDFLAGS="-L/home/pankaj/workspace/audio_wrapper/pjproject/pjlib/lib -L/home/pankaj/workspace/audio_wrapper/pjproject/pjlib-util/lib -L/home/pankaj/workspace/audio_wrapper/pjproject/pjnath/lib -L/home/pankaj/workspace/audio_wrapper/pjproject/pjmedia/lib -L/home/pankaj/workspace/audio_wrapper/pjproject/pjsip/lib -L/home/pankaj/workspace/audio_wrapper/pjproject/third_party/lib             -L/home/pankaj/qnx710/target/qnx7/x86_64/usr/lib -L/home/pankaj/qnx710/target/qnx7/x86_64/lib -L/home/pankaj/qnx710/host/linux/x86_64/usr/lib/gcc/x86_64-pc-nto-qnx7.1.0/4.6.3 -lgcc -lasound -lpjsua2-x86_64-pc-nto-qnx -lstdc++ -lpjsua-x86_64-pc-nto-qnx -lpjsip-ua-x86_64-pc-nto-qnx -lpjsip-simple-x86_64-pc-nto-qnx -lpjsip-x86_64-pc-nto-qnx -lpjmedia-codec-x86_64-pc-nto-qnx -lpjmedia-videodev-x86_64-pc-nto-qnx -lpjmedia-audiodev-x86_64-pc-nto-qnx -lpjmedia-x86_64-pc-nto-qnx -lpjnath-x86_64-pc-nto-qnx -lpjlib-util-x86_64-pc-nto-qnx  -lsrtp-x86_64-pc-nto-qnx -lresample-x86_64-pc-nto-qnx -lgsmcodec-x86_64-pc-nto-qnx -lspeex-x86_64-pc-nto-qnx -lilbccodec-x86_64-pc-nto-qnx -lg7221codec-x86_64-pc-nto-qnx -lyuv-x86_64-pc-nto-qnx  -lpj-x86_64-pc-nto-qnx -lm -lsocket  " PJSUA2_SAMPLE_EXE=pjsua2_hello_reg APP=PJSUA2_SAMPLE app=pjsua2_sample ../bin/samples/x86_64-pc-nto-qnx/pjsua2_hello_reg
make[3]: '../bin/samples/x86_64-pc-nto-qnx/strerror' is up to date.
make[3]: '../bin/samples/x86_64-pc-nto-qnx/tonegen' is up to date.
make[3]: '../bin/samples/x86_64-pc-nto-qnx/vid_codec_test' is up to date.
make[3]: '../bin/samples/x86_64-pc-nto-qnx/vid_streamutil' is up to date.
make[3]: '../bin/samples/x86_64-pc-nto-qnx/pjsua2_hello_reg' is up to date.
make[3]: '../bin/samples/x86_64-pc-nto-qnx/pjsua2_demo' is up to date.
make[2]: Leaving directory '/home/pankaj/workspace/audio_wrapper/pjproject/pjsip-apps/build'
make[1]: Leaving directory '/home/pankaj/workspace/audio_wrapper/pjproject/pjsip-apps/build'
